{"timestamp":"2026-03-31T16:01:15.594971Z","level":"info","event":"Stats instance was created in PID 7 but accessed in PID 335. Re-initializing.","logger":"airflow.stats","filename":"stats.py","lineno":57}
{"timestamp":"2026-03-31T16:01:15.606398Z","level":"info","event":"DAG bundles loaded: dags-folder","logger":"airflow.dag_processing.bundles.manager.DagBundlesManager","filename":"manager.py","lineno":179}
{"timestamp":"2026-03-31T16:01:15.607174Z","level":"info","event":"Filling up the DagBag from /opt/airflow/dags/instacart_dag.py","logger":"airflow.models.dagbag.BundleDagBag","filename":"dagbag.py","lineno":593}
{"timestamp":"2026-03-31T16:01:15.614095Z","level":"warning","event":"The `airflow.operators.bash.BashOperator` attribute is deprecated. Please use `'airflow.providers.standard.operators.bash.BashOperator'`.","category":"DeprecatedImportWarning","filename":"/opt/airflow/dags/instacart_dag.py","lineno":8,"logger":"py.warnings"}
{"timestamp":"2026-03-31T16:01:15.632109Z","level":"info","event":"Tmp dir root location: /tmp","logger":"airflow.task.hooks.airflow.providers.standard.hooks.subprocess.SubprocessHook","filename":"subprocess.py","lineno":78}
{"timestamp":"2026-03-31T16:01:15.633076Z","level":"info","event":"Running command: ['/usr/bin/bash', '-c', 'python /opt/airflow/pipelines/download_datasets.py']","logger":"airflow.task.hooks.airflow.providers.standard.hooks.subprocess.SubprocessHook","filename":"subprocess.py","lineno":80}
{"timestamp":"2026-03-31T16:01:15.633727Z","level":"info","event":"Output:","logger":"airflow.task.hooks.airflow.providers.standard.hooks.subprocess.SubprocessHook","filename":"subprocess.py","lineno":92}
{"timestamp":"2026-03-31T16:01:16.344752Z","level":"info","event":"Download directory set to: /opt/airflow/data","logger":"airflow.task.hooks.airflow.providers.standard.hooks.subprocess.SubprocessHook","filename":"subprocess.py","lineno":99}
{"timestamp":"2026-03-31T16:01:16.344969Z","level":"info","event":"Traceback (most recent call last):","logger":"airflow.task.hooks.airflow.providers.standard.hooks.subprocess.SubprocessHook","filename":"subprocess.py","lineno":99}
{"timestamp":"2026-03-31T16:01:16.345011Z","level":"info","event":"  File \"/opt/airflow/pipelines/download_datasets.py\", line 22, in <module>","logger":"airflow.task.hooks.airflow.providers.standard.hooks.subprocess.SubprocessHook","filename":"subprocess.py","lineno":99}
{"timestamp":"2026-03-31T16:01:16.345397Z","level":"info","event":"    download_dataset(dataset, output_dir)","logger":"airflow.task.hooks.airflow.providers.standard.hooks.subprocess.SubprocessHook","filename":"subprocess.py","lineno":99}
{"timestamp":"2026-03-31T16:01:16.345508Z","level":"info","event":"  File \"/opt/airflow/pipelines/download_datasets.py\", line 17, in download_dataset","logger":"airflow.task.hooks.airflow.providers.standard.hooks.subprocess.SubprocessHook","filename":"subprocess.py","lineno":99}
{"timestamp":"2026-03-31T16:01:16.345902Z","level":"info","event":"    path = kagglehub.dataset_download(dataset, output_dir=output_dir, force_download=True)","logger":"airflow.task.hooks.airflow.providers.standard.hooks.subprocess.SubprocessHook","filename":"subprocess.py","lineno":99}
{"timestamp":"2026-03-31T16:01:16.345973Z","level":"info","event":"           ^^^^^^^^^^^^^^^^^^^^^^^^^^^^^^^^^^^^^^^^^^^^^^^^^^^^^^^^^^^^^^^^^^^^^^^^^^^^^^^","logger":"airflow.task.hooks.airflow.providers.standard.hooks.subprocess.SubprocessHook","filename":"subprocess.py","lineno":99}
{"timestamp":"2026-03-31T16:01:16.345995Z","level":"info","event":"  File \"/opt/airflow/.venv/lib/python3.12/site-packages/kagglehub/datasets.py\", line 52, in dataset_download","logger":"airflow.task.hooks.airflow.providers.standard.hooks.subprocess.SubprocessHook","filename":"subprocess.py","lineno":99}
{"timestamp":"2026-03-31T16:01:16.346019Z","level":"info","event":"    resolved_path, _ = registry.dataset_resolver(","logger":"airflow.task.hooks.airflow.providers.standard.hooks.subprocess.SubprocessHook","filename":"subprocess.py","lineno":99}
{"timestamp":"2026-03-31T16:01:16.346039Z","level":"info","event":"                       ^^^^^^^^^^^^^^^^^^^^^^^^^^","logger":"airflow.task.hooks.airflow.providers.standard.hooks.subprocess.SubprocessHook","filename":"subprocess.py","lineno":99}
{"timestamp":"2026-03-31T16:01:16.346059Z","level":"info","event":"  File \"/opt/airflow/.venv/lib/python3.12/site-packages/kagglehub/registry.py\", line 28, in __call__","logger":"airflow.task.hooks.airflow.providers.standard.hooks.subprocess.SubprocessHook","filename":"subprocess.py","lineno":99}
{"timestamp":"2026-03-31T16:01:16.346080Z","level":"info","event":"    return impl(*args, **kwargs)","logger":"airflow.task.hooks.airflow.providers.standard.hooks.subprocess.SubprocessHook","filename":"subprocess.py","lineno":99}
{"timestamp":"2026-03-31T16:01:16.346099Z","level":"info","event":"           ^^^^^^^^^^^^^^^^^^^^^","logger":"airflow.task.hooks.airflow.providers.standard.hooks.subprocess.SubprocessHook","filename":"subprocess.py","lineno":99}
{"timestamp":"2026-03-31T16:01:16.346117Z","level":"info","event":"  File \"/opt/airflow/.venv/lib/python3.12/site-packages/kagglehub/resolver.py\", line 35, in __call__","logger":"airflow.task.hooks.airflow.providers.standard.hooks.subprocess.SubprocessHook","filename":"subprocess.py","lineno":99}
{"timestamp":"2026-03-31T16:01:16.346136Z","level":"info","event":"    path, version = self._resolve(","logger":"airflow.task.hooks.airflow.providers.standard.hooks.subprocess.SubprocessHook","filename":"subprocess.py","lineno":99}
{"timestamp":"2026-03-31T16:01:16.346222Z","level":"info","event":"                    ^^^^^^^^^^^^^^","logger":"airflow.task.hooks.airflow.providers.standard.hooks.subprocess.SubprocessHook","filename":"subprocess.py","lineno":99}
{"timestamp":"2026-03-31T16:01:16.346249Z","level":"info","event":"  File \"/opt/airflow/.venv/lib/python3.12/site-packages/kagglehub/http_resolver.py\", line 132, in _resolve","logger":"airflow.task.hooks.airflow.providers.standard.hooks.subprocess.SubprocessHook","filename":"subprocess.py","lineno":99}
{"timestamp":"2026-03-31T16:01:16.346274Z","level":"info","event":"    cache.delete_from_cache(h, path)","logger":"airflow.task.hooks.airflow.providers.standard.hooks.subprocess.SubprocessHook","filename":"subprocess.py","lineno":99}
{"timestamp":"2026-03-31T16:01:16.346293Z","level":"info","event":"  File \"/opt/airflow/.venv/lib/python3.12/site-packages/kagglehub/cache.py\", line 64, in delete_from_cache","logger":"airflow.task.hooks.airflow.providers.standard.hooks.subprocess.SubprocessHook","filename":"subprocess.py","lineno":99}
{"timestamp":"2026-03-31T16:01:16.346313Z","level":"info","event":"    return self._delete_path(full_path)","logger":"airflow.task.hooks.airflow.providers.standard.hooks.subprocess.SubprocessHook","filename":"subprocess.py","lineno":99}
{"timestamp":"2026-03-31T16:01:16.346352Z","level":"info","event":"           ^^^^^^^^^^^^^^^^^^^^^^^^^^^^","logger":"airflow.task.hooks.airflow.providers.standard.hooks.subprocess.SubprocessHook","filename":"subprocess.py","lineno":99}
{"timestamp":"2026-03-31T16:01:16.346378Z","level":"info","event":"  File \"/opt/airflow/.venv/lib/python3.12/site-packages/kagglehub/cache.py\", line 70, in _delete_path","logger":"airflow.task.hooks.airflow.providers.standard.hooks.subprocess.SubprocessHook","filename":"subprocess.py","lineno":99}
{"timestamp":"2026-03-31T16:01:16.346396Z","level":"info","event":"    shutil.rmtree(path)","logger":"airflow.task.hooks.airflow.providers.standard.hooks.subprocess.SubprocessHook","filename":"subprocess.py","lineno":99}
{"timestamp":"2026-03-31T16:01:16.346416Z","level":"info","event":"  File \"/usr/python/lib/python3.12/shutil.py\", line 759, in rmtree","logger":"airflow.task.hooks.airflow.providers.standard.hooks.subprocess.SubprocessHook","filename":"subprocess.py","lineno":99}
{"timestamp":"2026-03-31T16:01:16.347478Z","level":"info","event":"    _rmtree_safe_fd(stack, onexc)","logger":"airflow.task.hooks.airflow.providers.standard.hooks.subprocess.SubprocessHook","filename":"subprocess.py","lineno":99}
{"timestamp":"2026-03-31T16:01:16.347527Z","level":"info","event":"  File \"/usr/python/lib/python3.12/shutil.py\", line 703, in _rmtree_safe_fd","logger":"airflow.task.hooks.airflow.providers.standard.hooks.subprocess.SubprocessHook","filename":"subprocess.py","lineno":99}
{"timestamp":"2026-03-31T16:01:16.347652Z","level":"info","event":"    onexc(func, path, err)","logger":"airflow.task.hooks.airflow.providers.standard.hooks.subprocess.SubprocessHook","filename":"subprocess.py","lineno":99}
{"timestamp":"2026-03-31T16:01:16.347711Z","level":"info","event":"  File \"/usr/python/lib/python3.12/shutil.py\", line 662, in _rmtree_safe_fd","logger":"airflow.task.hooks.airflow.providers.standard.hooks.subprocess.SubprocessHook","filename":"subprocess.py","lineno":99}
{"timestamp":"2026-03-31T16:01:16.348002Z","level":"info","event":"    os.rmdir(name, dir_fd=dirfd)","logger":"airflow.task.hooks.airflow.providers.standard.hooks.subprocess.SubprocessHook","filename":"subprocess.py","lineno":99}
{"timestamp":"2026-03-31T16:01:16.348054Z","level":"info","event":"OSError: [Errno 16] Device or resource busy: '/opt/airflow/data'","logger":"airflow.task.hooks.airflow.providers.standard.hooks.subprocess.SubprocessHook","filename":"subprocess.py","lineno":99}
{"timestamp":"2026-03-31T16:01:16.400339Z","level":"info","event":"Command exited with return code 1","logger":"airflow.task.hooks.airflow.providers.standard.hooks.subprocess.SubprocessHook","filename":"subprocess.py","lineno":103}
{"timestamp":"2026-03-31T16:01:16.400977Z","level":"error","event":"Task failed with exception","logger":"task","filename":"task_runner.py","lineno":1164,"error_detail":[{"exc_type":"AirflowException","exc_value":"Bash command failed. The command returned a non-zero exit code 1.","exc_notes":[],"syntax_error":null,"is_cause":false,"frames":[{"filename":"/home/airflow/.local/lib/python3.12/site-packages/airflow/sdk/execution_time/task_runner.py","lineno":1112,"name":"run"},{"filename":"/home/airflow/.local/lib/python3.12/site-packages/airflow/sdk/execution_time/task_runner.py","lineno":1528,"name":"_execute_task"},{"filename":"/home/airflow/.local/lib/python3.12/site-packages/airflow/sdk/bases/operator.py","lineno":417,"name":"wrapper"},{"filename":"/home/airflow/.local/lib/python3.12/site-packages/airflow/providers/standard/operators/bash.py","lineno":226,"name":"execute"}],"is_group":false,"exceptions":[]}]}
