{"timestamp":"2026-03-31T16:03:45.011655Z","level":"info","event":"Stats instance was created in PID 7 but accessed in PID 368. Re-initializing.","logger":"airflow.stats","filename":"stats.py","lineno":57}
{"timestamp":"2026-03-31T16:03:45.024335Z","level":"info","event":"DAG bundles loaded: dags-folder","logger":"airflow.dag_processing.bundles.manager.DagBundlesManager","filename":"manager.py","lineno":179}
{"timestamp":"2026-03-31T16:03:45.025049Z","level":"info","event":"Filling up the DagBag from /opt/airflow/dags/instacart_dag.py","logger":"airflow.models.dagbag.BundleDagBag","filename":"dagbag.py","lineno":593}
{"timestamp":"2026-03-31T16:03:45.039035Z","level":"warning","event":"The `airflow.operators.bash.BashOperator` attribute is deprecated. Please use `'airflow.providers.standard.operators.bash.BashOperator'`.","category":"DeprecatedImportWarning","filename":"/opt/airflow/dags/instacart_dag.py","lineno":8,"logger":"py.warnings"}
{"timestamp":"2026-03-31T16:03:45.066251Z","level":"info","event":"Tmp dir root location: /tmp","logger":"airflow.task.hooks.airflow.providers.standard.hooks.subprocess.SubprocessHook","filename":"subprocess.py","lineno":78}
{"timestamp":"2026-03-31T16:03:45.067041Z","level":"info","event":"Running command: ['/usr/bin/bash', '-c', 'cd /opt/airflow/iac && terraform init && terraform apply -auto-approve']","logger":"airflow.task.hooks.airflow.providers.standard.hooks.subprocess.SubprocessHook","filename":"subprocess.py","lineno":80}
{"timestamp":"2026-03-31T16:03:45.067642Z","level":"info","event":"Output:","logger":"airflow.task.hooks.airflow.providers.standard.hooks.subprocess.SubprocessHook","filename":"subprocess.py","lineno":92}
{"timestamp":"2026-03-31T16:03:45.332534Z","level":"info","event":"\u001b[0m\u001b[1mInitializing the backend...\u001b[0m","logger":"airflow.task.hooks.airflow.providers.standard.hooks.subprocess.SubprocessHook","filename":"subprocess.py","lineno":99}
{"timestamp":"2026-03-31T16:03:45.902708Z","level":"info","event":"\u001b[0m\u001b[1mInitializing provider plugins...\u001b[0m","logger":"airflow.task.hooks.airflow.providers.standard.hooks.subprocess.SubprocessHook","filename":"subprocess.py","lineno":99}
{"timestamp":"2026-03-31T16:03:45.904187Z","level":"info","event":"- Reusing previous version of hashicorp/google from the dependency lock file","logger":"airflow.task.hooks.airflow.providers.standard.hooks.subprocess.SubprocessHook","filename":"subprocess.py","lineno":99}
{"timestamp":"2026-03-31T16:03:46.654100Z","level":"info","event":"- Using previously-installed hashicorp/google v7.16.0","logger":"airflow.task.hooks.airflow.providers.standard.hooks.subprocess.SubprocessHook","filename":"subprocess.py","lineno":99}
{"timestamp":"2026-03-31T16:03:46.654312Z","level":"info","event":"","logger":"airflow.task.hooks.airflow.providers.standard.hooks.subprocess.SubprocessHook","filename":"subprocess.py","lineno":99}
{"timestamp":"2026-03-31T16:03:46.654386Z","level":"info","event":"\u001b[0m\u001b[1m\u001b[32mTerraform has been successfully initialized!\u001b[0m\u001b[32m\u001b[0m","logger":"airflow.task.hooks.airflow.providers.standard.hooks.subprocess.SubprocessHook","filename":"subprocess.py","lineno":99}
{"timestamp":"2026-03-31T16:03:46.654422Z","level":"info","event":"\u001b[0m\u001b[32m","logger":"airflow.task.hooks.airflow.providers.standard.hooks.subprocess.SubprocessHook","filename":"subprocess.py","lineno":99}
{"timestamp":"2026-03-31T16:03:46.654479Z","level":"info","event":"You may now begin working with Terraform. Try running \"terraform plan\" to see","logger":"airflow.task.hooks.airflow.providers.standard.hooks.subprocess.SubprocessHook","filename":"subprocess.py","lineno":99}
{"timestamp":"2026-03-31T16:03:46.654538Z","level":"info","event":"any changes that are required for your infrastructure. All Terraform commands","logger":"airflow.task.hooks.airflow.providers.standard.hooks.subprocess.SubprocessHook","filename":"subprocess.py","lineno":99}
{"timestamp":"2026-03-31T16:03:46.654593Z","level":"info","event":"should now work.","logger":"airflow.task.hooks.airflow.providers.standard.hooks.subprocess.SubprocessHook","filename":"subprocess.py","lineno":99}
{"timestamp":"2026-03-31T16:03:46.654645Z","level":"info","event":"","logger":"airflow.task.hooks.airflow.providers.standard.hooks.subprocess.SubprocessHook","filename":"subprocess.py","lineno":99}
{"timestamp":"2026-03-31T16:03:46.654688Z","level":"info","event":"If you ever set or change modules or backend configuration for Terraform,","logger":"airflow.task.hooks.airflow.providers.standard.hooks.subprocess.SubprocessHook","filename":"subprocess.py","lineno":99}
{"timestamp":"2026-03-31T16:03:46.654741Z","level":"info","event":"rerun this command to reinitialize your working directory. If you forget, other","logger":"airflow.task.hooks.airflow.providers.standard.hooks.subprocess.SubprocessHook","filename":"subprocess.py","lineno":99}
{"timestamp":"2026-03-31T16:03:46.654780Z","level":"info","event":"commands will detect it and remind you to do so if necessary.\u001b[0m","logger":"airflow.task.hooks.airflow.providers.standard.hooks.subprocess.SubprocessHook","filename":"subprocess.py","lineno":99}
{"timestamp":"2026-03-31T16:03:49.804629Z","level":"info","event":"","logger":"airflow.task.hooks.airflow.providers.standard.hooks.subprocess.SubprocessHook","filename":"subprocess.py","lineno":99}
{"timestamp":"2026-03-31T16:03:49.805007Z","level":"info","event":"Terraform used the selected providers to generate the following execution","logger":"airflow.task.hooks.airflow.providers.standard.hooks.subprocess.SubprocessHook","filename":"subprocess.py","lineno":99}
{"timestamp":"2026-03-31T16:03:49.805070Z","level":"info","event":"plan. Resource actions are indicated with the following symbols:","logger":"airflow.task.hooks.airflow.providers.standard.hooks.subprocess.SubprocessHook","filename":"subprocess.py","lineno":99}
{"timestamp":"2026-03-31T16:03:49.805110Z","level":"info","event":"  \u001b[32m+\u001b[0m create\u001b[0m","logger":"airflow.task.hooks.airflow.providers.standard.hooks.subprocess.SubprocessHook","filename":"subprocess.py","lineno":99}
{"timestamp":"2026-03-31T16:03:49.805161Z","level":"info","event":"","logger":"airflow.task.hooks.airflow.providers.standard.hooks.subprocess.SubprocessHook","filename":"subprocess.py","lineno":99}
{"timestamp":"2026-03-31T16:03:49.805198Z","level":"info","event":"Terraform will perform the following actions:","logger":"airflow.task.hooks.airflow.providers.standard.hooks.subprocess.SubprocessHook","filename":"subprocess.py","lineno":99}
{"timestamp":"2026-03-31T16:03:49.806661Z","level":"info","event":"","logger":"airflow.task.hooks.airflow.providers.standard.hooks.subprocess.SubprocessHook","filename":"subprocess.py","lineno":99}
{"timestamp":"2026-03-31T16:03:49.806690Z","level":"info","event":"\u001b[1m  # google_bigquery_dataset.instacart_warehouse\u001b[0m will be created","logger":"airflow.task.hooks.airflow.providers.standard.hooks.subprocess.SubprocessHook","filename":"subprocess.py","lineno":99}
{"timestamp":"2026-03-31T16:03:49.806719Z","level":"info","event":"\u001b[0m  \u001b[32m+\u001b[0m\u001b[0m resource \"google_bigquery_dataset\" \"instacart_warehouse\" {","logger":"airflow.task.hooks.airflow.providers.standard.hooks.subprocess.SubprocessHook","filename":"subprocess.py","lineno":99}
{"timestamp":"2026-03-31T16:03:49.806745Z","level":"info","event":"      \u001b[32m+\u001b[0m\u001b[0m creation_time              = (known after apply)","logger":"airflow.task.hooks.airflow.providers.standard.hooks.subprocess.SubprocessHook","filename":"subprocess.py","lineno":99}
{"timestamp":"2026-03-31T16:03:49.806764Z","level":"info","event":"      \u001b[32m+\u001b[0m\u001b[0m dataset_id                 = \"instacart_warehouse0371\"","logger":"airflow.task.hooks.airflow.providers.standard.hooks.subprocess.SubprocessHook","filename":"subprocess.py","lineno":99}
{"timestamp":"2026-03-31T16:03:49.806801Z","level":"info","event":"      \u001b[32m+\u001b[0m\u001b[0m default_collation          = (known after apply)","logger":"airflow.task.hooks.airflow.providers.standard.hooks.subprocess.SubprocessHook","filename":"subprocess.py","lineno":99}
{"timestamp":"2026-03-31T16:03:49.806822Z","level":"info","event":"      \u001b[32m+\u001b[0m\u001b[0m delete_contents_on_destroy = true","logger":"airflow.task.hooks.airflow.providers.standard.hooks.subprocess.SubprocessHook","filename":"subprocess.py","lineno":99}
{"timestamp":"2026-03-31T16:03:49.806851Z","level":"info","event":"      \u001b[32m+\u001b[0m\u001b[0m description                = \"Instacart analytics warehouse dataset\"","logger":"airflow.task.hooks.airflow.providers.standard.hooks.subprocess.SubprocessHook","filename":"subprocess.py","lineno":99}
{"timestamp":"2026-03-31T16:03:49.806875Z","level":"info","event":"      \u001b[32m+\u001b[0m\u001b[0m effective_labels           = {","logger":"airflow.task.hooks.airflow.providers.standard.hooks.subprocess.SubprocessHook","filename":"subprocess.py","lineno":99}
{"timestamp":"2026-03-31T16:03:49.806894Z","level":"info","event":"          \u001b[32m+\u001b[0m\u001b[0m \"goog-terraform-provisioned\" = \"true\"","logger":"airflow.task.hooks.airflow.providers.standard.hooks.subprocess.SubprocessHook","filename":"subprocess.py","lineno":99}
{"timestamp":"2026-03-31T16:03:49.806909Z","level":"info","event":"        }","logger":"airflow.task.hooks.airflow.providers.standard.hooks.subprocess.SubprocessHook","filename":"subprocess.py","lineno":99}
{"timestamp":"2026-03-31T16:03:49.806941Z","level":"info","event":"      \u001b[32m+\u001b[0m\u001b[0m etag                       = (known after apply)","logger":"airflow.task.hooks.airflow.providers.standard.hooks.subprocess.SubprocessHook","filename":"subprocess.py","lineno":99}
{"timestamp":"2026-03-31T16:03:49.806953Z","level":"info","event":"      \u001b[32m+\u001b[0m\u001b[0m friendly_name              = \"instacart-warehouse\"","logger":"airflow.task.hooks.airflow.providers.standard.hooks.subprocess.SubprocessHook","filename":"subprocess.py","lineno":99}
{"timestamp":"2026-03-31T16:03:49.806978Z","level":"info","event":"      \u001b[32m+\u001b[0m\u001b[0m id                         = (known after apply)","logger":"airflow.task.hooks.airflow.providers.standard.hooks.subprocess.SubprocessHook","filename":"subprocess.py","lineno":99}
{"timestamp":"2026-03-31T16:03:49.807023Z","level":"info","event":"      \u001b[32m+\u001b[0m\u001b[0m is_case_insensitive        = (known after apply)","logger":"airflow.task.hooks.airflow.providers.standard.hooks.subprocess.SubprocessHook","filename":"subprocess.py","lineno":99}
{"timestamp":"2026-03-31T16:03:49.807040Z","level":"info","event":"      \u001b[32m+\u001b[0m\u001b[0m last_modified_time         = (known after apply)","logger":"airflow.task.hooks.airflow.providers.standard.hooks.subprocess.SubprocessHook","filename":"subprocess.py","lineno":99}
{"timestamp":"2026-03-31T16:03:49.807055Z","level":"info","event":"      \u001b[32m+\u001b[0m\u001b[0m location                   = \"europe-west2\"","logger":"airflow.task.hooks.airflow.providers.standard.hooks.subprocess.SubprocessHook","filename":"subprocess.py","lineno":99}
{"timestamp":"2026-03-31T16:03:49.807081Z","level":"info","event":"      \u001b[32m+\u001b[0m\u001b[0m max_time_travel_hours      = (known after apply)","logger":"airflow.task.hooks.airflow.providers.standard.hooks.subprocess.SubprocessHook","filename":"subprocess.py","lineno":99}
{"timestamp":"2026-03-31T16:03:49.807094Z","level":"info","event":"      \u001b[32m+\u001b[0m\u001b[0m project                    = \"instacart-basket-analysis\"","logger":"airflow.task.hooks.airflow.providers.standard.hooks.subprocess.SubprocessHook","filename":"subprocess.py","lineno":99}
{"timestamp":"2026-03-31T16:03:49.807106Z","level":"info","event":"      \u001b[32m+\u001b[0m\u001b[0m self_link                  = (known after apply)","logger":"airflow.task.hooks.airflow.providers.standard.hooks.subprocess.SubprocessHook","filename":"subprocess.py","lineno":99}
{"timestamp":"2026-03-31T16:03:49.807120Z","level":"info","event":"      \u001b[32m+\u001b[0m\u001b[0m storage_billing_model      = (known after apply)","logger":"airflow.task.hooks.airflow.providers.standard.hooks.subprocess.SubprocessHook","filename":"subprocess.py","lineno":99}
{"timestamp":"2026-03-31T16:03:49.807134Z","level":"info","event":"      \u001b[32m+\u001b[0m\u001b[0m terraform_labels           = {","logger":"airflow.task.hooks.airflow.providers.standard.hooks.subprocess.SubprocessHook","filename":"subprocess.py","lineno":99}
{"timestamp":"2026-03-31T16:03:49.807147Z","level":"info","event":"          \u001b[32m+\u001b[0m\u001b[0m \"goog-terraform-provisioned\" = \"true\"","logger":"airflow.task.hooks.airflow.providers.standard.hooks.subprocess.SubprocessHook","filename":"subprocess.py","lineno":99}
{"timestamp":"2026-03-31T16:03:49.807159Z","level":"info","event":"        }","logger":"airflow.task.hooks.airflow.providers.standard.hooks.subprocess.SubprocessHook","filename":"subprocess.py","lineno":99}
{"timestamp":"2026-03-31T16:03:49.807185Z","level":"info","event":"","logger":"airflow.task.hooks.airflow.providers.standard.hooks.subprocess.SubprocessHook","filename":"subprocess.py","lineno":99}
{"timestamp":"2026-03-31T16:03:49.807212Z","level":"info","event":"      \u001b[32m+\u001b[0m\u001b[0m access (known after apply)","logger":"airflow.task.hooks.airflow.providers.standard.hooks.subprocess.SubprocessHook","filename":"subprocess.py","lineno":99}
{"timestamp":"2026-03-31T16:03:49.807226Z","level":"info","event":"    }","logger":"airflow.task.hooks.airflow.providers.standard.hooks.subprocess.SubprocessHook","filename":"subprocess.py","lineno":99}
{"timestamp":"2026-03-31T16:03:49.807245Z","level":"info","event":"","logger":"airflow.task.hooks.airflow.providers.standard.hooks.subprocess.SubprocessHook","filename":"subprocess.py","lineno":99}
{"timestamp":"2026-03-31T16:03:49.807275Z","level":"info","event":"\u001b[1m  # google_storage_bucket.instacart-bucket\u001b[0m will be created","logger":"airflow.task.hooks.airflow.providers.standard.hooks.subprocess.SubprocessHook","filename":"subprocess.py","lineno":99}
{"timestamp":"2026-03-31T16:03:49.807298Z","level":"info","event":"\u001b[0m  \u001b[32m+\u001b[0m\u001b[0m resource \"google_storage_bucket\" \"instacart-bucket\" {","logger":"airflow.task.hooks.airflow.providers.standard.hooks.subprocess.SubprocessHook","filename":"subprocess.py","lineno":99}
{"timestamp":"2026-03-31T16:03:49.807312Z","level":"info","event":"      \u001b[32m+\u001b[0m\u001b[0m effective_labels            = {","logger":"airflow.task.hooks.airflow.providers.standard.hooks.subprocess.SubprocessHook","filename":"subprocess.py","lineno":99}
{"timestamp":"2026-03-31T16:03:49.807333Z","level":"info","event":"          \u001b[32m+\u001b[0m\u001b[0m \"goog-terraform-provisioned\" = \"true\"","logger":"airflow.task.hooks.airflow.providers.standard.hooks.subprocess.SubprocessHook","filename":"subprocess.py","lineno":99}
{"timestamp":"2026-03-31T16:03:49.807365Z","level":"info","event":"        }","logger":"airflow.task.hooks.airflow.providers.standard.hooks.subprocess.SubprocessHook","filename":"subprocess.py","lineno":99}
{"timestamp":"2026-03-31T16:03:49.807378Z","level":"info","event":"      \u001b[32m+\u001b[0m\u001b[0m force_destroy               = true","logger":"airflow.task.hooks.airflow.providers.standard.hooks.subprocess.SubprocessHook","filename":"subprocess.py","lineno":99}
{"timestamp":"2026-03-31T16:03:49.807390Z","level":"info","event":"      \u001b[32m+\u001b[0m\u001b[0m id                          = (known after apply)","logger":"airflow.task.hooks.airflow.providers.standard.hooks.subprocess.SubprocessHook","filename":"subprocess.py","lineno":99}
{"timestamp":"2026-03-31T16:03:49.807404Z","level":"info","event":"      \u001b[32m+\u001b[0m\u001b[0m location                    = \"EUROPE-WEST2\"","logger":"airflow.task.hooks.airflow.providers.standard.hooks.subprocess.SubprocessHook","filename":"subprocess.py","lineno":99}
{"timestamp":"2026-03-31T16:03:49.807432Z","level":"info","event":"      \u001b[32m+\u001b[0m\u001b[0m name                        = \"instacart-bucket03211\"","logger":"airflow.task.hooks.airflow.providers.standard.hooks.subprocess.SubprocessHook","filename":"subprocess.py","lineno":99}
{"timestamp":"2026-03-31T16:03:49.807456Z","level":"info","event":"      \u001b[32m+\u001b[0m\u001b[0m project                     = (known after apply)","logger":"airflow.task.hooks.airflow.providers.standard.hooks.subprocess.SubprocessHook","filename":"subprocess.py","lineno":99}
{"timestamp":"2026-03-31T16:03:49.807474Z","level":"info","event":"      \u001b[32m+\u001b[0m\u001b[0m project_number              = (known after apply)","logger":"airflow.task.hooks.airflow.providers.standard.hooks.subprocess.SubprocessHook","filename":"subprocess.py","lineno":99}
{"timestamp":"2026-03-31T16:03:49.807486Z","level":"info","event":"      \u001b[32m+\u001b[0m\u001b[0m public_access_prevention    = (known after apply)","logger":"airflow.task.hooks.airflow.providers.standard.hooks.subprocess.SubprocessHook","filename":"subprocess.py","lineno":99}
{"timestamp":"2026-03-31T16:03:49.807500Z","level":"info","event":"      \u001b[32m+\u001b[0m\u001b[0m rpo                         = (known after apply)","logger":"airflow.task.hooks.airflow.providers.standard.hooks.subprocess.SubprocessHook","filename":"subprocess.py","lineno":99}
{"timestamp":"2026-03-31T16:03:49.807513Z","level":"info","event":"      \u001b[32m+\u001b[0m\u001b[0m self_link                   = (known after apply)","logger":"airflow.task.hooks.airflow.providers.standard.hooks.subprocess.SubprocessHook","filename":"subprocess.py","lineno":99}
{"timestamp":"2026-03-31T16:03:49.807525Z","level":"info","event":"      \u001b[32m+\u001b[0m\u001b[0m storage_class               = \"STANDARD\"","logger":"airflow.task.hooks.airflow.providers.standard.hooks.subprocess.SubprocessHook","filename":"subprocess.py","lineno":99}
{"timestamp":"2026-03-31T16:03:49.807536Z","level":"info","event":"      \u001b[32m+\u001b[0m\u001b[0m terraform_labels            = {","logger":"airflow.task.hooks.airflow.providers.standard.hooks.subprocess.SubprocessHook","filename":"subprocess.py","lineno":99}
{"timestamp":"2026-03-31T16:03:49.807550Z","level":"info","event":"          \u001b[32m+\u001b[0m\u001b[0m \"goog-terraform-provisioned\" = \"true\"","logger":"airflow.task.hooks.airflow.providers.standard.hooks.subprocess.SubprocessHook","filename":"subprocess.py","lineno":99}
{"timestamp":"2026-03-31T16:03:49.807564Z","level":"info","event":"        }","logger":"airflow.task.hooks.airflow.providers.standard.hooks.subprocess.SubprocessHook","filename":"subprocess.py","lineno":99}
{"timestamp":"2026-03-31T16:03:49.807576Z","level":"info","event":"      \u001b[32m+\u001b[0m\u001b[0m time_created                = (known after apply)","logger":"airflow.task.hooks.airflow.providers.standard.hooks.subprocess.SubprocessHook","filename":"subprocess.py","lineno":99}
{"timestamp":"2026-03-31T16:03:49.807596Z","level":"info","event":"      \u001b[32m+\u001b[0m\u001b[0m uniform_bucket_level_access = (known after apply)","logger":"airflow.task.hooks.airflow.providers.standard.hooks.subprocess.SubprocessHook","filename":"subprocess.py","lineno":99}
{"timestamp":"2026-03-31T16:03:49.807607Z","level":"info","event":"      \u001b[32m+\u001b[0m\u001b[0m updated                     = (known after apply)","logger":"airflow.task.hooks.airflow.providers.standard.hooks.subprocess.SubprocessHook","filename":"subprocess.py","lineno":99}
{"timestamp":"2026-03-31T16:03:49.807619Z","level":"info","event":"      \u001b[32m+\u001b[0m\u001b[0m url                         = (known after apply)","logger":"airflow.task.hooks.airflow.providers.standard.hooks.subprocess.SubprocessHook","filename":"subprocess.py","lineno":99}
{"timestamp":"2026-03-31T16:03:49.807633Z","level":"info","event":"","logger":"airflow.task.hooks.airflow.providers.standard.hooks.subprocess.SubprocessHook","filename":"subprocess.py","lineno":99}
{"timestamp":"2026-03-31T16:03:49.807661Z","level":"info","event":"      \u001b[32m+\u001b[0m\u001b[0m lifecycle_rule {","logger":"airflow.task.hooks.airflow.providers.standard.hooks.subprocess.SubprocessHook","filename":"subprocess.py","lineno":99}
{"timestamp":"2026-03-31T16:03:49.807678Z","level":"info","event":"          \u001b[32m+\u001b[0m\u001b[0m action {","logger":"airflow.task.hooks.airflow.providers.standard.hooks.subprocess.SubprocessHook","filename":"subprocess.py","lineno":99}
{"timestamp":"2026-03-31T16:03:49.807691Z","level":"info","event":"              \u001b[32m+\u001b[0m\u001b[0m type          = \"AbortIncompleteMultipartUpload\"","logger":"airflow.task.hooks.airflow.providers.standard.hooks.subprocess.SubprocessHook","filename":"subprocess.py","lineno":99}
{"timestamp":"2026-03-31T16:03:49.807704Z","level":"info","event":"                \u001b[90m# (1 unchanged attribute hidden)\u001b[0m\u001b[0m","logger":"airflow.task.hooks.airflow.providers.standard.hooks.subprocess.SubprocessHook","filename":"subprocess.py","lineno":99}
{"timestamp":"2026-03-31T16:03:49.807716Z","level":"info","event":"            }","logger":"airflow.task.hooks.airflow.providers.standard.hooks.subprocess.SubprocessHook","filename":"subprocess.py","lineno":99}
{"timestamp":"2026-03-31T16:03:49.807727Z","level":"info","event":"          \u001b[32m+\u001b[0m\u001b[0m condition {","logger":"airflow.task.hooks.airflow.providers.standard.hooks.subprocess.SubprocessHook","filename":"subprocess.py","lineno":99}
{"timestamp":"2026-03-31T16:03:49.807738Z","level":"info","event":"              \u001b[32m+\u001b[0m\u001b[0m age                    = 1","logger":"airflow.task.hooks.airflow.providers.standard.hooks.subprocess.SubprocessHook","filename":"subprocess.py","lineno":99}
{"timestamp":"2026-03-31T16:03:49.807751Z","level":"info","event":"              \u001b[32m+\u001b[0m\u001b[0m matches_prefix         = []","logger":"airflow.task.hooks.airflow.providers.standard.hooks.subprocess.SubprocessHook","filename":"subprocess.py","lineno":99}
{"timestamp":"2026-03-31T16:03:49.807764Z","level":"info","event":"              \u001b[32m+\u001b[0m\u001b[0m matches_storage_class  = []","logger":"airflow.task.hooks.airflow.providers.standard.hooks.subprocess.SubprocessHook","filename":"subprocess.py","lineno":99}
{"timestamp":"2026-03-31T16:03:49.807775Z","level":"info","event":"              \u001b[32m+\u001b[0m\u001b[0m matches_suffix         = []","logger":"airflow.task.hooks.airflow.providers.standard.hooks.subprocess.SubprocessHook","filename":"subprocess.py","lineno":99}
{"timestamp":"2026-03-31T16:03:49.807786Z","level":"info","event":"              \u001b[32m+\u001b[0m\u001b[0m with_state             = (known after apply)","logger":"airflow.task.hooks.airflow.providers.standard.hooks.subprocess.SubprocessHook","filename":"subprocess.py","lineno":99}
{"timestamp":"2026-03-31T16:03:49.807799Z","level":"info","event":"                \u001b[90m# (3 unchanged attributes hidden)\u001b[0m\u001b[0m","logger":"airflow.task.hooks.airflow.providers.standard.hooks.subprocess.SubprocessHook","filename":"subprocess.py","lineno":99}
{"timestamp":"2026-03-31T16:03:49.807812Z","level":"info","event":"            }","logger":"airflow.task.hooks.airflow.providers.standard.hooks.subprocess.SubprocessHook","filename":"subprocess.py","lineno":99}
{"timestamp":"2026-03-31T16:03:49.807829Z","level":"info","event":"        }","logger":"airflow.task.hooks.airflow.providers.standard.hooks.subprocess.SubprocessHook","filename":"subprocess.py","lineno":99}
{"timestamp":"2026-03-31T16:03:49.807844Z","level":"info","event":"","logger":"airflow.task.hooks.airflow.providers.standard.hooks.subprocess.SubprocessHook","filename":"subprocess.py","lineno":99}
{"timestamp":"2026-03-31T16:03:49.807857Z","level":"info","event":"      \u001b[32m+\u001b[0m\u001b[0m soft_delete_policy (known after apply)","logger":"airflow.task.hooks.airflow.providers.standard.hooks.subprocess.SubprocessHook","filename":"subprocess.py","lineno":99}
{"timestamp":"2026-03-31T16:03:49.807870Z","level":"info","event":"","logger":"airflow.task.hooks.airflow.providers.standard.hooks.subprocess.SubprocessHook","filename":"subprocess.py","lineno":99}
{"timestamp":"2026-03-31T16:03:49.807881Z","level":"info","event":"      \u001b[32m+\u001b[0m\u001b[0m versioning (known after apply)","logger":"airflow.task.hooks.airflow.providers.standard.hooks.subprocess.SubprocessHook","filename":"subprocess.py","lineno":99}
{"timestamp":"2026-03-31T16:03:49.807892Z","level":"info","event":"","logger":"airflow.task.hooks.airflow.providers.standard.hooks.subprocess.SubprocessHook","filename":"subprocess.py","lineno":99}
{"timestamp":"2026-03-31T16:03:49.807913Z","level":"info","event":"      \u001b[32m+\u001b[0m\u001b[0m website (known after apply)","logger":"airflow.task.hooks.airflow.providers.standard.hooks.subprocess.SubprocessHook","filename":"subprocess.py","lineno":99}
{"timestamp":"2026-03-31T16:03:49.807927Z","level":"info","event":"    }","logger":"airflow.task.hooks.airflow.providers.standard.hooks.subprocess.SubprocessHook","filename":"subprocess.py","lineno":99}
{"timestamp":"2026-03-31T16:03:49.807938Z","level":"info","event":"","logger":"airflow.task.hooks.airflow.providers.standard.hooks.subprocess.SubprocessHook","filename":"subprocess.py","lineno":99}
{"timestamp":"2026-03-31T16:03:49.807949Z","level":"info","event":"\u001b[1mPlan:\u001b[0m 2 to add, 0 to change, 0 to destroy.","logger":"airflow.task.hooks.airflow.providers.standard.hooks.subprocess.SubprocessHook","filename":"subprocess.py","lineno":99}
{"timestamp":"2026-03-31T16:03:50.644585Z","level":"info","event":"\u001b[0m\u001b[0m\u001b[1mgoogle_storage_bucket.instacart-bucket: Creating...\u001b[0m\u001b[0m","logger":"airflow.task.hooks.airflow.providers.standard.hooks.subprocess.SubprocessHook","filename":"subprocess.py","lineno":99}
{"timestamp":"2026-03-31T16:03:50.645590Z","level":"info","event":"\u001b[0m\u001b[1mgoogle_bigquery_dataset.instacart_warehouse: Creating...\u001b[0m\u001b[0m","logger":"airflow.task.hooks.airflow.providers.standard.hooks.subprocess.SubprocessHook","filename":"subprocess.py","lineno":99}
{"timestamp":"2026-03-31T16:03:51.916152Z","level":"info","event":"\u001b[0m\u001b[1mgoogle_storage_bucket.instacart-bucket: Creation complete after 1s [id=instacart-bucket03211]\u001b[0m","logger":"airflow.task.hooks.airflow.providers.standard.hooks.subprocess.SubprocessHook","filename":"subprocess.py","lineno":99}
{"timestamp":"2026-03-31T16:03:52.219702Z","level":"info","event":"\u001b[0m\u001b[1mgoogle_bigquery_dataset.instacart_warehouse: Creation complete after 1s [id=projects/instacart-basket-analysis/datasets/instacart_warehouse0371]\u001b[0m","logger":"airflow.task.hooks.airflow.providers.standard.hooks.subprocess.SubprocessHook","filename":"subprocess.py","lineno":99}
{"timestamp":"2026-03-31T16:03:52.232852Z","level":"info","event":"\u001b[0m\u001b[1m\u001b[32m","logger":"airflow.task.hooks.airflow.providers.standard.hooks.subprocess.SubprocessHook","filename":"subprocess.py","lineno":99}
{"timestamp":"2026-03-31T16:03:52.232941Z","level":"info","event":"Apply complete! Resources: 2 added, 0 changed, 0 destroyed.","logger":"airflow.task.hooks.airflow.providers.standard.hooks.subprocess.SubprocessHook","filename":"subprocess.py","lineno":99}
{"timestamp":"2026-03-31T16:03:52.236948Z","level":"info","event":"\u001b[0m","logger":"airflow.task.hooks.airflow.providers.standard.hooks.subprocess.SubprocessHook","filename":"subprocess.py","lineno":99}
{"timestamp":"2026-03-31T16:03:52.237091Z","level":"info","event":"Command exited with return code 0","logger":"airflow.task.hooks.airflow.providers.standard.hooks.subprocess.SubprocessHook","filename":"subprocess.py","lineno":103}
{"timestamp":"2026-03-31T16:03:52.238313Z","level":"info","event":"Pushing xcom","ti":"RuntimeTaskInstance(id=UUID('019d44a2-c670-7198-8579-025d867dbe34'), task_id='terraform_apply', dag_id='instacart_download_datasets', run_id='manual__2026-03-31T16:03:31.539729+00:00', try_number=1, dag_version_id=UUID('019d4486-4764-7a42-9406-66349adf94b7'), map_index=-1, hostname='bdb5a01f7c3d', context_carrier={}, task=<Task(BashOperator): terraform_apply>, bundle_instance=LocalDagBundle(name=dags-folder), max_tries=0, start_date=datetime.datetime(2026, 3, 31, 16, 3, 44, 979762, tzinfo=datetime.timezone.utc), end_date=None, state=<TaskInstanceState.RUNNING: 'running'>, is_mapped=False, rendered_map_index=None)","logger":"task","filename":"task_runner.py","lineno":1573}
