{"timestamp":"2026-03-31T15:50:05.115467Z","level":"info","event":"Stats instance was created in PID 7 but accessed in PID 114. Re-initializing.","logger":"airflow.stats","filename":"stats.py","lineno":57}
{"timestamp":"2026-03-31T15:50:05.126330Z","level":"info","event":"DAG bundles loaded: dags-folder","logger":"airflow.dag_processing.bundles.manager.DagBundlesManager","filename":"manager.py","lineno":179}
{"timestamp":"2026-03-31T15:50:05.127970Z","level":"info","event":"Filling up the DagBag from /opt/airflow/dags/instacart_dag.py","logger":"airflow.models.dagbag.BundleDagBag","filename":"dagbag.py","lineno":593}
{"timestamp":"2026-03-31T15:50:05.142599Z","level":"warning","event":"The `airflow.operators.bash.BashOperator` attribute is deprecated. Please use `'airflow.providers.standard.operators.bash.BashOperator'`.","category":"DeprecatedImportWarning","filename":"/opt/airflow/dags/instacart_dag.py","lineno":8,"logger":"py.warnings"}
{"timestamp":"2026-03-31T15:50:05.174934Z","level":"info","event":"Tmp dir root location: /tmp","logger":"airflow.task.hooks.airflow.providers.standard.hooks.subprocess.SubprocessHook","filename":"subprocess.py","lineno":78}
{"timestamp":"2026-03-31T15:50:05.176251Z","level":"info","event":"Running command: ['/usr/bin/bash', '-c', 'cd /opt/airflow/iac && terraform init && terraform apply -auto-approve']","logger":"airflow.task.hooks.airflow.providers.standard.hooks.subprocess.SubprocessHook","filename":"subprocess.py","lineno":80}
{"timestamp":"2026-03-31T15:50:05.177245Z","level":"info","event":"Output:","logger":"airflow.task.hooks.airflow.providers.standard.hooks.subprocess.SubprocessHook","filename":"subprocess.py","lineno":92}
{"timestamp":"2026-03-31T15:50:05.571254Z","level":"info","event":"\u001b[0m\u001b[1mInitializing the backend...\u001b[0m","logger":"airflow.task.hooks.airflow.providers.standard.hooks.subprocess.SubprocessHook","filename":"subprocess.py","lineno":99}
{"timestamp":"2026-03-31T15:50:06.152384Z","level":"info","event":"\u001b[0m\u001b[1mInitializing provider plugins...\u001b[0m","logger":"airflow.task.hooks.airflow.providers.standard.hooks.subprocess.SubprocessHook","filename":"subprocess.py","lineno":99}
{"timestamp":"2026-03-31T15:50:06.153404Z","level":"info","event":"- Reusing previous version of hashicorp/google from the dependency lock file","logger":"airflow.task.hooks.airflow.providers.standard.hooks.subprocess.SubprocessHook","filename":"subprocess.py","lineno":99}
{"timestamp":"2026-03-31T15:50:06.746590Z","level":"info","event":"- Using previously-installed hashicorp/google v7.16.0","logger":"airflow.task.hooks.airflow.providers.standard.hooks.subprocess.SubprocessHook","filename":"subprocess.py","lineno":99}
{"timestamp":"2026-03-31T15:50:06.746730Z","level":"info","event":"","logger":"airflow.task.hooks.airflow.providers.standard.hooks.subprocess.SubprocessHook","filename":"subprocess.py","lineno":99}
{"timestamp":"2026-03-31T15:50:06.746852Z","level":"info","event":"\u001b[0m\u001b[1m\u001b[32mTerraform has been successfully initialized!\u001b[0m\u001b[32m\u001b[0m","logger":"airflow.task.hooks.airflow.providers.standard.hooks.subprocess.SubprocessHook","filename":"subprocess.py","lineno":99}
{"timestamp":"2026-03-31T15:50:06.746908Z","level":"info","event":"\u001b[0m\u001b[32m","logger":"airflow.task.hooks.airflow.providers.standard.hooks.subprocess.SubprocessHook","filename":"subprocess.py","lineno":99}
{"timestamp":"2026-03-31T15:50:06.746944Z","level":"info","event":"You may now begin working with Terraform. Try running \"terraform plan\" to see","logger":"airflow.task.hooks.airflow.providers.standard.hooks.subprocess.SubprocessHook","filename":"subprocess.py","lineno":99}
{"timestamp":"2026-03-31T15:50:06.746978Z","level":"info","event":"any changes that are required for your infrastructure. All Terraform commands","logger":"airflow.task.hooks.airflow.providers.standard.hooks.subprocess.SubprocessHook","filename":"subprocess.py","lineno":99}
{"timestamp":"2026-03-31T15:50:06.746996Z","level":"info","event":"should now work.","logger":"airflow.task.hooks.airflow.providers.standard.hooks.subprocess.SubprocessHook","filename":"subprocess.py","lineno":99}
{"timestamp":"2026-03-31T15:50:06.747009Z","level":"info","event":"","logger":"airflow.task.hooks.airflow.providers.standard.hooks.subprocess.SubprocessHook","filename":"subprocess.py","lineno":99}
{"timestamp":"2026-03-31T15:50:06.747023Z","level":"info","event":"If you ever set or change modules or backend configuration for Terraform,","logger":"airflow.task.hooks.airflow.providers.standard.hooks.subprocess.SubprocessHook","filename":"subprocess.py","lineno":99}
{"timestamp":"2026-03-31T15:50:06.747075Z","level":"info","event":"rerun this command to reinitialize your working directory. If you forget, other","logger":"airflow.task.hooks.airflow.providers.standard.hooks.subprocess.SubprocessHook","filename":"subprocess.py","lineno":99}
{"timestamp":"2026-03-31T15:50:06.747104Z","level":"info","event":"commands will detect it and remind you to do so if necessary.\u001b[0m","logger":"airflow.task.hooks.airflow.providers.standard.hooks.subprocess.SubprocessHook","filename":"subprocess.py","lineno":99}
{"timestamp":"2026-03-31T15:50:10.010704Z","level":"info","event":"","logger":"airflow.task.hooks.airflow.providers.standard.hooks.subprocess.SubprocessHook","filename":"subprocess.py","lineno":99}
{"timestamp":"2026-03-31T15:50:10.011111Z","level":"info","event":"Terraform used the selected providers to generate the following execution","logger":"airflow.task.hooks.airflow.providers.standard.hooks.subprocess.SubprocessHook","filename":"subprocess.py","lineno":99}
{"timestamp":"2026-03-31T15:50:10.011178Z","level":"info","event":"plan. Resource actions are indicated with the following symbols:","logger":"airflow.task.hooks.airflow.providers.standard.hooks.subprocess.SubprocessHook","filename":"subprocess.py","lineno":99}
{"timestamp":"2026-03-31T15:50:10.011233Z","level":"info","event":"  \u001b[32m+\u001b[0m create\u001b[0m","logger":"airflow.task.hooks.airflow.providers.standard.hooks.subprocess.SubprocessHook","filename":"subprocess.py","lineno":99}
{"timestamp":"2026-03-31T15:50:10.011291Z","level":"info","event":"","logger":"airflow.task.hooks.airflow.providers.standard.hooks.subprocess.SubprocessHook","filename":"subprocess.py","lineno":99}
{"timestamp":"2026-03-31T15:50:10.011354Z","level":"info","event":"Terraform will perform the following actions:","logger":"airflow.task.hooks.airflow.providers.standard.hooks.subprocess.SubprocessHook","filename":"subprocess.py","lineno":99}
{"timestamp":"2026-03-31T15:50:10.012780Z","level":"info","event":"","logger":"airflow.task.hooks.airflow.providers.standard.hooks.subprocess.SubprocessHook","filename":"subprocess.py","lineno":99}
{"timestamp":"2026-03-31T15:50:10.012819Z","level":"info","event":"\u001b[1m  # google_bigquery_dataset.instacart_warehouse\u001b[0m will be created","logger":"airflow.task.hooks.airflow.providers.standard.hooks.subprocess.SubprocessHook","filename":"subprocess.py","lineno":99}
{"timestamp":"2026-03-31T15:50:10.012851Z","level":"info","event":"\u001b[0m  \u001b[32m+\u001b[0m\u001b[0m resource \"google_bigquery_dataset\" \"instacart_warehouse\" {","logger":"airflow.task.hooks.airflow.providers.standard.hooks.subprocess.SubprocessHook","filename":"subprocess.py","lineno":99}
{"timestamp":"2026-03-31T15:50:10.012878Z","level":"info","event":"      \u001b[32m+\u001b[0m\u001b[0m creation_time              = (known after apply)","logger":"airflow.task.hooks.airflow.providers.standard.hooks.subprocess.SubprocessHook","filename":"subprocess.py","lineno":99}
{"timestamp":"2026-03-31T15:50:10.012902Z","level":"info","event":"      \u001b[32m+\u001b[0m\u001b[0m dataset_id                 = \"instacart_warehouse0371\"","logger":"airflow.task.hooks.airflow.providers.standard.hooks.subprocess.SubprocessHook","filename":"subprocess.py","lineno":99}
{"timestamp":"2026-03-31T15:50:10.012926Z","level":"info","event":"      \u001b[32m+\u001b[0m\u001b[0m default_collation          = (known after apply)","logger":"airflow.task.hooks.airflow.providers.standard.hooks.subprocess.SubprocessHook","filename":"subprocess.py","lineno":99}
{"timestamp":"2026-03-31T15:50:10.012954Z","level":"info","event":"      \u001b[32m+\u001b[0m\u001b[0m delete_contents_on_destroy = true","logger":"airflow.task.hooks.airflow.providers.standard.hooks.subprocess.SubprocessHook","filename":"subprocess.py","lineno":99}
{"timestamp":"2026-03-31T15:50:10.012967Z","level":"info","event":"      \u001b[32m+\u001b[0m\u001b[0m description                = \"Instacart analytics warehouse dataset\"","logger":"airflow.task.hooks.airflow.providers.standard.hooks.subprocess.SubprocessHook","filename":"subprocess.py","lineno":99}
{"timestamp":"2026-03-31T15:50:10.013000Z","level":"info","event":"      \u001b[32m+\u001b[0m\u001b[0m effective_labels           = {","logger":"airflow.task.hooks.airflow.providers.standard.hooks.subprocess.SubprocessHook","filename":"subprocess.py","lineno":99}
{"timestamp":"2026-03-31T15:50:10.013027Z","level":"info","event":"          \u001b[32m+\u001b[0m\u001b[0m \"goog-terraform-provisioned\" = \"true\"","logger":"airflow.task.hooks.airflow.providers.standard.hooks.subprocess.SubprocessHook","filename":"subprocess.py","lineno":99}
{"timestamp":"2026-03-31T15:50:10.013041Z","level":"info","event":"        }","logger":"airflow.task.hooks.airflow.providers.standard.hooks.subprocess.SubprocessHook","filename":"subprocess.py","lineno":99}
{"timestamp":"2026-03-31T15:50:10.013155Z","level":"info","event":"      \u001b[32m+\u001b[0m\u001b[0m etag                       = (known after apply)","logger":"airflow.task.hooks.airflow.providers.standard.hooks.subprocess.SubprocessHook","filename":"subprocess.py","lineno":99}
{"timestamp":"2026-03-31T15:50:10.013203Z","level":"info","event":"      \u001b[32m+\u001b[0m\u001b[0m friendly_name              = \"instacart-warehouse\"","logger":"airflow.task.hooks.airflow.providers.standard.hooks.subprocess.SubprocessHook","filename":"subprocess.py","lineno":99}
{"timestamp":"2026-03-31T15:50:10.013220Z","level":"info","event":"      \u001b[32m+\u001b[0m\u001b[0m id                         = (known after apply)","logger":"airflow.task.hooks.airflow.providers.standard.hooks.subprocess.SubprocessHook","filename":"subprocess.py","lineno":99}
{"timestamp":"2026-03-31T15:50:10.013234Z","level":"info","event":"      \u001b[32m+\u001b[0m\u001b[0m is_case_insensitive        = (known after apply)","logger":"airflow.task.hooks.airflow.providers.standard.hooks.subprocess.SubprocessHook","filename":"subprocess.py","lineno":99}
{"timestamp":"2026-03-31T15:50:10.013260Z","level":"info","event":"      \u001b[32m+\u001b[0m\u001b[0m last_modified_time         = (known after apply)","logger":"airflow.task.hooks.airflow.providers.standard.hooks.subprocess.SubprocessHook","filename":"subprocess.py","lineno":99}
{"timestamp":"2026-03-31T15:50:10.013273Z","level":"info","event":"      \u001b[32m+\u001b[0m\u001b[0m location                   = \"uk-west\"","logger":"airflow.task.hooks.airflow.providers.standard.hooks.subprocess.SubprocessHook","filename":"subprocess.py","lineno":99}
{"timestamp":"2026-03-31T15:50:10.013285Z","level":"info","event":"      \u001b[32m+\u001b[0m\u001b[0m max_time_travel_hours      = (known after apply)","logger":"airflow.task.hooks.airflow.providers.standard.hooks.subprocess.SubprocessHook","filename":"subprocess.py","lineno":99}
{"timestamp":"2026-03-31T15:50:10.013312Z","level":"info","event":"      \u001b[32m+\u001b[0m\u001b[0m project                    = \"instacart-basket-analysis\"","logger":"airflow.task.hooks.airflow.providers.standard.hooks.subprocess.SubprocessHook","filename":"subprocess.py","lineno":99}
{"timestamp":"2026-03-31T15:50:10.013325Z","level":"info","event":"      \u001b[32m+\u001b[0m\u001b[0m self_link                  = (known after apply)","logger":"airflow.task.hooks.airflow.providers.standard.hooks.subprocess.SubprocessHook","filename":"subprocess.py","lineno":99}
{"timestamp":"2026-03-31T15:50:10.013337Z","level":"info","event":"      \u001b[32m+\u001b[0m\u001b[0m storage_billing_model      = (known after apply)","logger":"airflow.task.hooks.airflow.providers.standard.hooks.subprocess.SubprocessHook","filename":"subprocess.py","lineno":99}
{"timestamp":"2026-03-31T15:50:10.013349Z","level":"info","event":"      \u001b[32m+\u001b[0m\u001b[0m terraform_labels           = {","logger":"airflow.task.hooks.airflow.providers.standard.hooks.subprocess.SubprocessHook","filename":"subprocess.py","lineno":99}
{"timestamp":"2026-03-31T15:50:10.013362Z","level":"info","event":"          \u001b[32m+\u001b[0m\u001b[0m \"goog-terraform-provisioned\" = \"true\"","logger":"airflow.task.hooks.airflow.providers.standard.hooks.subprocess.SubprocessHook","filename":"subprocess.py","lineno":99}
{"timestamp":"2026-03-31T15:50:10.013374Z","level":"info","event":"        }","logger":"airflow.task.hooks.airflow.providers.standard.hooks.subprocess.SubprocessHook","filename":"subprocess.py","lineno":99}
{"timestamp":"2026-03-31T15:50:10.013386Z","level":"info","event":"","logger":"airflow.task.hooks.airflow.providers.standard.hooks.subprocess.SubprocessHook","filename":"subprocess.py","lineno":99}
{"timestamp":"2026-03-31T15:50:10.013412Z","level":"info","event":"      \u001b[32m+\u001b[0m\u001b[0m access (known after apply)","logger":"airflow.task.hooks.airflow.providers.standard.hooks.subprocess.SubprocessHook","filename":"subprocess.py","lineno":99}
{"timestamp":"2026-03-31T15:50:10.013437Z","level":"info","event":"    }","logger":"airflow.task.hooks.airflow.providers.standard.hooks.subprocess.SubprocessHook","filename":"subprocess.py","lineno":99}
{"timestamp":"2026-03-31T15:50:10.013461Z","level":"info","event":"","logger":"airflow.task.hooks.airflow.providers.standard.hooks.subprocess.SubprocessHook","filename":"subprocess.py","lineno":99}
{"timestamp":"2026-03-31T15:50:10.013483Z","level":"info","event":"\u001b[1m  # google_storage_bucket.instacart-bucket\u001b[0m will be created","logger":"airflow.task.hooks.airflow.providers.standard.hooks.subprocess.SubprocessHook","filename":"subprocess.py","lineno":99}
{"timestamp":"2026-03-31T15:50:10.013498Z","level":"info","event":"\u001b[0m  \u001b[32m+\u001b[0m\u001b[0m resource \"google_storage_bucket\" \"instacart-bucket\" {","logger":"airflow.task.hooks.airflow.providers.standard.hooks.subprocess.SubprocessHook","filename":"subprocess.py","lineno":99}
{"timestamp":"2026-03-31T15:50:10.013516Z","level":"info","event":"      \u001b[32m+\u001b[0m\u001b[0m effective_labels            = {","logger":"airflow.task.hooks.airflow.providers.standard.hooks.subprocess.SubprocessHook","filename":"subprocess.py","lineno":99}
{"timestamp":"2026-03-31T15:50:10.013564Z","level":"info","event":"          \u001b[32m+\u001b[0m\u001b[0m \"goog-terraform-provisioned\" = \"true\"","logger":"airflow.task.hooks.airflow.providers.standard.hooks.subprocess.SubprocessHook","filename":"subprocess.py","lineno":99}
{"timestamp":"2026-03-31T15:50:10.013590Z","level":"info","event":"        }","logger":"airflow.task.hooks.airflow.providers.standard.hooks.subprocess.SubprocessHook","filename":"subprocess.py","lineno":99}
{"timestamp":"2026-03-31T15:50:10.013602Z","level":"info","event":"      \u001b[32m+\u001b[0m\u001b[0m force_destroy               = true","logger":"airflow.task.hooks.airflow.providers.standard.hooks.subprocess.SubprocessHook","filename":"subprocess.py","lineno":99}
{"timestamp":"2026-03-31T15:50:10.013614Z","level":"info","event":"      \u001b[32m+\u001b[0m\u001b[0m id                          = (known after apply)","logger":"airflow.task.hooks.airflow.providers.standard.hooks.subprocess.SubprocessHook","filename":"subprocess.py","lineno":99}
{"timestamp":"2026-03-31T15:50:10.013626Z","level":"info","event":"      \u001b[32m+\u001b[0m\u001b[0m location                    = \"UK-WEST\"","logger":"airflow.task.hooks.airflow.providers.standard.hooks.subprocess.SubprocessHook","filename":"subprocess.py","lineno":99}
{"timestamp":"2026-03-31T15:50:10.013640Z","level":"info","event":"      \u001b[32m+\u001b[0m\u001b[0m name                        = \"instacart-bucket03211\"","logger":"airflow.task.hooks.airflow.providers.standard.hooks.subprocess.SubprocessHook","filename":"subprocess.py","lineno":99}
{"timestamp":"2026-03-31T15:50:10.013654Z","level":"info","event":"      \u001b[32m+\u001b[0m\u001b[0m project                     = (known after apply)","logger":"airflow.task.hooks.airflow.providers.standard.hooks.subprocess.SubprocessHook","filename":"subprocess.py","lineno":99}
{"timestamp":"2026-03-31T15:50:10.013666Z","level":"info","event":"      \u001b[32m+\u001b[0m\u001b[0m project_number              = (known after apply)","logger":"airflow.task.hooks.airflow.providers.standard.hooks.subprocess.SubprocessHook","filename":"subprocess.py","lineno":99}
{"timestamp":"2026-03-31T15:50:10.013677Z","level":"info","event":"      \u001b[32m+\u001b[0m\u001b[0m public_access_prevention    = (known after apply)","logger":"airflow.task.hooks.airflow.providers.standard.hooks.subprocess.SubprocessHook","filename":"subprocess.py","lineno":99}
{"timestamp":"2026-03-31T15:50:10.013688Z","level":"info","event":"      \u001b[32m+\u001b[0m\u001b[0m rpo                         = (known after apply)","logger":"airflow.task.hooks.airflow.providers.standard.hooks.subprocess.SubprocessHook","filename":"subprocess.py","lineno":99}
{"timestamp":"2026-03-31T15:50:10.013699Z","level":"info","event":"      \u001b[32m+\u001b[0m\u001b[0m self_link                   = (known after apply)","logger":"airflow.task.hooks.airflow.providers.standard.hooks.subprocess.SubprocessHook","filename":"subprocess.py","lineno":99}
{"timestamp":"2026-03-31T15:50:10.013709Z","level":"info","event":"      \u001b[32m+\u001b[0m\u001b[0m storage_class               = \"STANDARD\"","logger":"airflow.task.hooks.airflow.providers.standard.hooks.subprocess.SubprocessHook","filename":"subprocess.py","lineno":99}
{"timestamp":"2026-03-31T15:50:10.013720Z","level":"info","event":"      \u001b[32m+\u001b[0m\u001b[0m terraform_labels            = {","logger":"airflow.task.hooks.airflow.providers.standard.hooks.subprocess.SubprocessHook","filename":"subprocess.py","lineno":99}
{"timestamp":"2026-03-31T15:50:10.013733Z","level":"info","event":"          \u001b[32m+\u001b[0m\u001b[0m \"goog-terraform-provisioned\" = \"true\"","logger":"airflow.task.hooks.airflow.providers.standard.hooks.subprocess.SubprocessHook","filename":"subprocess.py","lineno":99}
{"timestamp":"2026-03-31T15:50:10.013746Z","level":"info","event":"        }","logger":"airflow.task.hooks.airflow.providers.standard.hooks.subprocess.SubprocessHook","filename":"subprocess.py","lineno":99}
{"timestamp":"2026-03-31T15:50:10.013760Z","level":"info","event":"      \u001b[32m+\u001b[0m\u001b[0m time_created                = (known after apply)","logger":"airflow.task.hooks.airflow.providers.standard.hooks.subprocess.SubprocessHook","filename":"subprocess.py","lineno":99}
{"timestamp":"2026-03-31T15:50:10.013787Z","level":"info","event":"      \u001b[32m+\u001b[0m\u001b[0m uniform_bucket_level_access = (known after apply)","logger":"airflow.task.hooks.airflow.providers.standard.hooks.subprocess.SubprocessHook","filename":"subprocess.py","lineno":99}
{"timestamp":"2026-03-31T15:50:10.013798Z","level":"info","event":"      \u001b[32m+\u001b[0m\u001b[0m updated                     = (known after apply)","logger":"airflow.task.hooks.airflow.providers.standard.hooks.subprocess.SubprocessHook","filename":"subprocess.py","lineno":99}
{"timestamp":"2026-03-31T15:50:10.013809Z","level":"info","event":"      \u001b[32m+\u001b[0m\u001b[0m url                         = (known after apply)","logger":"airflow.task.hooks.airflow.providers.standard.hooks.subprocess.SubprocessHook","filename":"subprocess.py","lineno":99}
{"timestamp":"2026-03-31T15:50:10.013823Z","level":"info","event":"","logger":"airflow.task.hooks.airflow.providers.standard.hooks.subprocess.SubprocessHook","filename":"subprocess.py","lineno":99}
{"timestamp":"2026-03-31T15:50:10.013836Z","level":"info","event":"      \u001b[32m+\u001b[0m\u001b[0m lifecycle_rule {","logger":"airflow.task.hooks.airflow.providers.standard.hooks.subprocess.SubprocessHook","filename":"subprocess.py","lineno":99}
{"timestamp":"2026-03-31T15:50:10.013848Z","level":"info","event":"          \u001b[32m+\u001b[0m\u001b[0m action {","logger":"airflow.task.hooks.airflow.providers.standard.hooks.subprocess.SubprocessHook","filename":"subprocess.py","lineno":99}
{"timestamp":"2026-03-31T15:50:10.013871Z","level":"info","event":"              \u001b[32m+\u001b[0m\u001b[0m type          = \"AbortIncompleteMultipartUpload\"","logger":"airflow.task.hooks.airflow.providers.standard.hooks.subprocess.SubprocessHook","filename":"subprocess.py","lineno":99}
{"timestamp":"2026-03-31T15:50:10.013902Z","level":"info","event":"                \u001b[90m# (1 unchanged attribute hidden)\u001b[0m\u001b[0m","logger":"airflow.task.hooks.airflow.providers.standard.hooks.subprocess.SubprocessHook","filename":"subprocess.py","lineno":99}
{"timestamp":"2026-03-31T15:50:10.013919Z","level":"info","event":"            }","logger":"airflow.task.hooks.airflow.providers.standard.hooks.subprocess.SubprocessHook","filename":"subprocess.py","lineno":99}
{"timestamp":"2026-03-31T15:50:10.013946Z","level":"info","event":"          \u001b[32m+\u001b[0m\u001b[0m condition {","logger":"airflow.task.hooks.airflow.providers.standard.hooks.subprocess.SubprocessHook","filename":"subprocess.py","lineno":99}
{"timestamp":"2026-03-31T15:50:10.013967Z","level":"info","event":"              \u001b[32m+\u001b[0m\u001b[0m age                    = 1","logger":"airflow.task.hooks.airflow.providers.standard.hooks.subprocess.SubprocessHook","filename":"subprocess.py","lineno":99}
{"timestamp":"2026-03-31T15:50:10.013979Z","level":"info","event":"              \u001b[32m+\u001b[0m\u001b[0m matches_prefix         = []","logger":"airflow.task.hooks.airflow.providers.standard.hooks.subprocess.SubprocessHook","filename":"subprocess.py","lineno":99}
{"timestamp":"2026-03-31T15:50:10.013990Z","level":"info","event":"              \u001b[32m+\u001b[0m\u001b[0m matches_storage_class  = []","logger":"airflow.task.hooks.airflow.providers.standard.hooks.subprocess.SubprocessHook","filename":"subprocess.py","lineno":99}
{"timestamp":"2026-03-31T15:50:10.014002Z","level":"info","event":"              \u001b[32m+\u001b[0m\u001b[0m matches_suffix         = []","logger":"airflow.task.hooks.airflow.providers.standard.hooks.subprocess.SubprocessHook","filename":"subprocess.py","lineno":99}
{"timestamp":"2026-03-31T15:50:10.014027Z","level":"info","event":"              \u001b[32m+\u001b[0m\u001b[0m with_state             = (known after apply)","logger":"airflow.task.hooks.airflow.providers.standard.hooks.subprocess.SubprocessHook","filename":"subprocess.py","lineno":99}
{"timestamp":"2026-03-31T15:50:10.014051Z","level":"info","event":"                \u001b[90m# (3 unchanged attributes hidden)\u001b[0m\u001b[0m","logger":"airflow.task.hooks.airflow.providers.standard.hooks.subprocess.SubprocessHook","filename":"subprocess.py","lineno":99}
{"timestamp":"2026-03-31T15:50:10.014062Z","level":"info","event":"            }","logger":"airflow.task.hooks.airflow.providers.standard.hooks.subprocess.SubprocessHook","filename":"subprocess.py","lineno":99}
{"timestamp":"2026-03-31T15:50:10.014074Z","level":"info","event":"        }","logger":"airflow.task.hooks.airflow.providers.standard.hooks.subprocess.SubprocessHook","filename":"subprocess.py","lineno":99}
{"timestamp":"2026-03-31T15:50:10.014088Z","level":"info","event":"","logger":"airflow.task.hooks.airflow.providers.standard.hooks.subprocess.SubprocessHook","filename":"subprocess.py","lineno":99}
{"timestamp":"2026-03-31T15:50:10.014102Z","level":"info","event":"      \u001b[32m+\u001b[0m\u001b[0m soft_delete_policy (known after apply)","logger":"airflow.task.hooks.airflow.providers.standard.hooks.subprocess.SubprocessHook","filename":"subprocess.py","lineno":99}
{"timestamp":"2026-03-31T15:50:10.014114Z","level":"info","event":"","logger":"airflow.task.hooks.airflow.providers.standard.hooks.subprocess.SubprocessHook","filename":"subprocess.py","lineno":99}
{"timestamp":"2026-03-31T15:50:10.014125Z","level":"info","event":"      \u001b[32m+\u001b[0m\u001b[0m versioning (known after apply)","logger":"airflow.task.hooks.airflow.providers.standard.hooks.subprocess.SubprocessHook","filename":"subprocess.py","lineno":99}
{"timestamp":"2026-03-31T15:50:10.014136Z","level":"info","event":"","logger":"airflow.task.hooks.airflow.providers.standard.hooks.subprocess.SubprocessHook","filename":"subprocess.py","lineno":99}
{"timestamp":"2026-03-31T15:50:10.014162Z","level":"info","event":"      \u001b[32m+\u001b[0m\u001b[0m website (known after apply)","logger":"airflow.task.hooks.airflow.providers.standard.hooks.subprocess.SubprocessHook","filename":"subprocess.py","lineno":99}
{"timestamp":"2026-03-31T15:50:10.014182Z","level":"info","event":"    }","logger":"airflow.task.hooks.airflow.providers.standard.hooks.subprocess.SubprocessHook","filename":"subprocess.py","lineno":99}
{"timestamp":"2026-03-31T15:50:10.014204Z","level":"info","event":"","logger":"airflow.task.hooks.airflow.providers.standard.hooks.subprocess.SubprocessHook","filename":"subprocess.py","lineno":99}
{"timestamp":"2026-03-31T15:50:10.014235Z","level":"info","event":"\u001b[1mPlan:\u001b[0m 2 to add, 0 to change, 0 to destroy.","logger":"airflow.task.hooks.airflow.providers.standard.hooks.subprocess.SubprocessHook","filename":"subprocess.py","lineno":99}
{"timestamp":"2026-03-31T15:50:10.804409Z","level":"info","event":"\u001b[0m\u001b[0m\u001b[1mgoogle_bigquery_dataset.instacart_warehouse: Creating...\u001b[0m\u001b[0m","logger":"airflow.task.hooks.airflow.providers.standard.hooks.subprocess.SubprocessHook","filename":"subprocess.py","lineno":99}
{"timestamp":"2026-03-31T15:50:10.804767Z","level":"info","event":"\u001b[0m\u001b[1mgoogle_storage_bucket.instacart-bucket: Creating...\u001b[0m\u001b[0m","logger":"airflow.task.hooks.airflow.providers.standard.hooks.subprocess.SubprocessHook","filename":"subprocess.py","lineno":99}
{"timestamp":"2026-03-31T15:50:11.058130Z","level":"info","event":"\u001b[31m╷\u001b[0m\u001b[0m","logger":"airflow.task.hooks.airflow.providers.standard.hooks.subprocess.SubprocessHook","filename":"subprocess.py","lineno":99}
{"timestamp":"2026-03-31T15:50:11.058548Z","level":"info","event":"\u001b[31m│\u001b[0m \u001b[0m\u001b[1m\u001b[31mError: \u001b[0m\u001b[0m\u001b[1mgoogleapi: Error 400: The specified location constraint is not valid., invalid\u001b[0m","logger":"airflow.task.hooks.airflow.providers.standard.hooks.subprocess.SubprocessHook","filename":"subprocess.py","lineno":99}
{"timestamp":"2026-03-31T15:50:11.058717Z","level":"info","event":"\u001b[31m│\u001b[0m \u001b[0m","logger":"airflow.task.hooks.airflow.providers.standard.hooks.subprocess.SubprocessHook","filename":"subprocess.py","lineno":99}
{"timestamp":"2026-03-31T15:50:11.058773Z","level":"info","event":"\u001b[31m│\u001b[0m \u001b[0m\u001b[0m  with google_storage_bucket.instacart-bucket,","logger":"airflow.task.hooks.airflow.providers.standard.hooks.subprocess.SubprocessHook","filename":"subprocess.py","lineno":99}
{"timestamp":"2026-03-31T15:50:11.058815Z","level":"info","event":"\u001b[31m│\u001b[0m \u001b[0m  on main.tf line 15, in resource \"google_storage_bucket\" \"instacart-bucket\":","logger":"airflow.task.hooks.airflow.providers.standard.hooks.subprocess.SubprocessHook","filename":"subprocess.py","lineno":99}
{"timestamp":"2026-03-31T15:50:11.058860Z","level":"info","event":"\u001b[31m│\u001b[0m \u001b[0m  15: resource \"google_storage_bucket\" \"instacart-bucket\" \u001b[4m{\u001b[0m\u001b[0m","logger":"airflow.task.hooks.airflow.providers.standard.hooks.subprocess.SubprocessHook","filename":"subprocess.py","lineno":99}
{"timestamp":"2026-03-31T15:50:11.058894Z","level":"info","event":"\u001b[31m│\u001b[0m \u001b[0m","logger":"airflow.task.hooks.airflow.providers.standard.hooks.subprocess.SubprocessHook","filename":"subprocess.py","lineno":99}
{"timestamp":"2026-03-31T15:50:11.058913Z","level":"info","event":"\u001b[31m╵\u001b[0m\u001b[0m","logger":"airflow.task.hooks.airflow.providers.standard.hooks.subprocess.SubprocessHook","filename":"subprocess.py","lineno":99}
{"timestamp":"2026-03-31T15:50:11.058947Z","level":"info","event":"\u001b[31m╷\u001b[0m\u001b[0m","logger":"airflow.task.hooks.airflow.providers.standard.hooks.subprocess.SubprocessHook","filename":"subprocess.py","lineno":99}
{"timestamp":"2026-03-31T15:50:11.058968Z","level":"info","event":"\u001b[31m│\u001b[0m \u001b[0m\u001b[1m\u001b[31mError: \u001b[0m\u001b[0m\u001b[1mError creating Dataset: googleapi: Error 400: Invalid value for location: uk-west is not a valid value, invalid\u001b[0m","logger":"airflow.task.hooks.airflow.providers.standard.hooks.subprocess.SubprocessHook","filename":"subprocess.py","lineno":99}
{"timestamp":"2026-03-31T15:50:11.059048Z","level":"info","event":"\u001b[31m│\u001b[0m \u001b[0m","logger":"airflow.task.hooks.airflow.providers.standard.hooks.subprocess.SubprocessHook","filename":"subprocess.py","lineno":99}
{"timestamp":"2026-03-31T15:50:11.059090Z","level":"info","event":"\u001b[31m│\u001b[0m \u001b[0m\u001b[0m  with google_bigquery_dataset.instacart_warehouse,","logger":"airflow.task.hooks.airflow.providers.standard.hooks.subprocess.SubprocessHook","filename":"subprocess.py","lineno":99}
{"timestamp":"2026-03-31T15:50:11.059109Z","level":"info","event":"\u001b[31m│\u001b[0m \u001b[0m  on main.tf line 30, in resource \"google_bigquery_dataset\" \"instacart_warehouse\":","logger":"airflow.task.hooks.airflow.providers.standard.hooks.subprocess.SubprocessHook","filename":"subprocess.py","lineno":99}
{"timestamp":"2026-03-31T15:50:11.059134Z","level":"info","event":"\u001b[31m│\u001b[0m \u001b[0m  30: resource \"google_bigquery_dataset\" \"instacart_warehouse\" \u001b[4m{\u001b[0m\u001b[0m","logger":"airflow.task.hooks.airflow.providers.standard.hooks.subprocess.SubprocessHook","filename":"subprocess.py","lineno":99}
{"timestamp":"2026-03-31T15:50:11.059150Z","level":"info","event":"\u001b[31m│\u001b[0m \u001b[0m","logger":"airflow.task.hooks.airflow.providers.standard.hooks.subprocess.SubprocessHook","filename":"subprocess.py","lineno":99}
{"timestamp":"2026-03-31T15:50:11.059165Z","level":"info","event":"\u001b[31m╵\u001b[0m\u001b[0m","logger":"airflow.task.hooks.airflow.providers.standard.hooks.subprocess.SubprocessHook","filename":"subprocess.py","lineno":99}
{"timestamp":"2026-03-31T15:50:11.078253Z","level":"info","event":"Command exited with return code 1","logger":"airflow.task.hooks.airflow.providers.standard.hooks.subprocess.SubprocessHook","filename":"subprocess.py","lineno":103}
{"timestamp":"2026-03-31T15:50:11.079695Z","level":"error","event":"Task failed with exception","logger":"task","filename":"task_runner.py","lineno":1164,"error_detail":[{"exc_type":"AirflowException","exc_value":"Bash command failed. The command returned a non-zero exit code 1.","exc_notes":[],"syntax_error":null,"is_cause":false,"frames":[{"filename":"/home/airflow/.local/lib/python3.12/site-packages/airflow/sdk/execution_time/task_runner.py","lineno":1112,"name":"run"},{"filename":"/home/airflow/.local/lib/python3.12/site-packages/airflow/sdk/execution_time/task_runner.py","lineno":1528,"name":"_execute_task"},{"filename":"/home/airflow/.local/lib/python3.12/site-packages/airflow/sdk/bases/operator.py","lineno":417,"name":"wrapper"},{"filename":"/home/airflow/.local/lib/python3.12/site-packages/airflow/providers/standard/operators/bash.py","lineno":226,"name":"execute"}],"is_group":false,"exceptions":[]}]}
