{"timestamp":"2026-03-30T14:49:14.075793Z","level":"info","event":"Stats instance was created in PID 7 but accessed in PID 106. Re-initializing.","logger":"airflow.stats","filename":"stats.py","lineno":57}
{"timestamp":"2026-03-30T14:49:14.499189Z","level":"info","event":"DAG bundles loaded: dags-folder, example_dags","logger":"airflow.dag_processing.bundles.manager.DagBundlesManager","filename":"manager.py","lineno":179}
{"timestamp":"2026-03-30T14:49:14.499776Z","level":"info","event":"Filling up the DagBag from /opt/airflow/dags/instacart_dag.py","logger":"airflow.models.dagbag.BundleDagBag","filename":"dagbag.py","lineno":593}
{"timestamp":"2026-03-30T14:49:14.505181Z","level":"warning","event":"The `airflow.operators.bash.BashOperator` attribute is deprecated. Please use `'airflow.providers.standard.operators.bash.BashOperator'`.","category":"DeprecatedImportWarning","filename":"/opt/airflow/dags/instacart_dag.py","lineno":6,"logger":"py.warnings"}
{"timestamp":"2026-03-30T14:49:14.528130Z","level":"info","event":"Task instance is in running state","logger":"task.stdout"}
{"timestamp":"2026-03-30T14:49:14.528435Z","level":"info","event":" Previous state of the Task instance: TaskInstanceState.QUEUED","logger":"task.stdout"}
{"timestamp":"2026-03-30T14:49:14.529441Z","level":"info","event":"Current task name:download_datasets","logger":"task.stdout"}
{"timestamp":"2026-03-30T14:49:14.529603Z","level":"info","event":"Dag name:instacart_download_datasets","logger":"task.stdout"}
{"timestamp":"2026-03-30T14:49:14.527690Z","level":"info","event":"Tmp dir root location: /tmp","logger":"airflow.task.hooks.airflow.providers.standard.hooks.subprocess.SubprocessHook","filename":"subprocess.py","lineno":78}
{"timestamp":"2026-03-30T14:49:14.529072Z","level":"info","event":"Running command: ['/usr/bin/bash', '-c', 'python /opt/airflow/pipelines/download_datasets.py']","logger":"airflow.task.hooks.airflow.providers.standard.hooks.subprocess.SubprocessHook","filename":"subprocess.py","lineno":80}
{"timestamp":"2026-03-30T14:49:14.530211Z","level":"info","event":"Output:","logger":"airflow.task.hooks.airflow.providers.standard.hooks.subprocess.SubprocessHook","filename":"subprocess.py","lineno":92}
{"timestamp":"2026-03-30T14:49:15.201498Z","level":"info","event":"Traceback (most recent call last):","logger":"airflow.task.hooks.airflow.providers.standard.hooks.subprocess.SubprocessHook","filename":"subprocess.py","lineno":99}
{"timestamp":"2026-03-30T14:49:15.201736Z","level":"info","event":"  File \"/opt/airflow/pipelines/download_datasets.py\", line 14, in <module>","logger":"airflow.task.hooks.airflow.providers.standard.hooks.subprocess.SubprocessHook","filename":"subprocess.py","lineno":99}
{"timestamp":"2026-03-30T14:49:15.202247Z","level":"info","event":"    download_dataset(dataset, output_dir)","logger":"airflow.task.hooks.airflow.providers.standard.hooks.subprocess.SubprocessHook","filename":"subprocess.py","lineno":99}
{"timestamp":"2026-03-30T14:49:15.202315Z","level":"info","event":"  File \"/opt/airflow/pipelines/download_datasets.py\", line 9, in download_dataset","logger":"airflow.task.hooks.airflow.providers.standard.hooks.subprocess.SubprocessHook","filename":"subprocess.py","lineno":99}
{"timestamp":"2026-03-30T14:49:15.202805Z","level":"info","event":"    path = kagglehub.dataset_download(dataset, output_dir=output_dir, force_download=True)","logger":"airflow.task.hooks.airflow.providers.standard.hooks.subprocess.SubprocessHook","filename":"subprocess.py","lineno":99}
{"timestamp":"2026-03-30T14:49:15.202843Z","level":"info","event":"           ^^^^^^^^^^^^^^^^^^^^^^^^^^^^^^^^^^^^^^^^^^^^^^^^^^^^^^^^^^^^^^^^^^^^^^^^^^^^^^^","logger":"airflow.task.hooks.airflow.providers.standard.hooks.subprocess.SubprocessHook","filename":"subprocess.py","lineno":99}
{"timestamp":"2026-03-30T14:49:15.202865Z","level":"info","event":"  File \"/opt/airflow/.venv/lib/python3.12/site-packages/kagglehub/datasets.py\", line 52, in dataset_download","logger":"airflow.task.hooks.airflow.providers.standard.hooks.subprocess.SubprocessHook","filename":"subprocess.py","lineno":99}
{"timestamp":"2026-03-30T14:49:15.202936Z","level":"info","event":"    resolved_path, _ = registry.dataset_resolver(","logger":"airflow.task.hooks.airflow.providers.standard.hooks.subprocess.SubprocessHook","filename":"subprocess.py","lineno":99}
{"timestamp":"2026-03-30T14:49:15.202967Z","level":"info","event":"                       ^^^^^^^^^^^^^^^^^^^^^^^^^^","logger":"airflow.task.hooks.airflow.providers.standard.hooks.subprocess.SubprocessHook","filename":"subprocess.py","lineno":99}
{"timestamp":"2026-03-30T14:49:15.202988Z","level":"info","event":"  File \"/opt/airflow/.venv/lib/python3.12/site-packages/kagglehub/registry.py\", line 28, in __call__","logger":"airflow.task.hooks.airflow.providers.standard.hooks.subprocess.SubprocessHook","filename":"subprocess.py","lineno":99}
{"timestamp":"2026-03-30T14:49:15.203033Z","level":"info","event":"    return impl(*args, **kwargs)","logger":"airflow.task.hooks.airflow.providers.standard.hooks.subprocess.SubprocessHook","filename":"subprocess.py","lineno":99}
{"timestamp":"2026-03-30T14:49:15.203094Z","level":"info","event":"           ^^^^^^^^^^^^^^^^^^^^^","logger":"airflow.task.hooks.airflow.providers.standard.hooks.subprocess.SubprocessHook","filename":"subprocess.py","lineno":99}
{"timestamp":"2026-03-30T14:49:15.203121Z","level":"info","event":"  File \"/opt/airflow/.venv/lib/python3.12/site-packages/kagglehub/resolver.py\", line 35, in __call__","logger":"airflow.task.hooks.airflow.providers.standard.hooks.subprocess.SubprocessHook","filename":"subprocess.py","lineno":99}
{"timestamp":"2026-03-30T14:49:15.203143Z","level":"info","event":"    path, version = self._resolve(","logger":"airflow.task.hooks.airflow.providers.standard.hooks.subprocess.SubprocessHook","filename":"subprocess.py","lineno":99}
{"timestamp":"2026-03-30T14:49:15.203161Z","level":"info","event":"                    ^^^^^^^^^^^^^^","logger":"airflow.task.hooks.airflow.providers.standard.hooks.subprocess.SubprocessHook","filename":"subprocess.py","lineno":99}
{"timestamp":"2026-03-30T14:49:15.203180Z","level":"info","event":"  File \"/opt/airflow/.venv/lib/python3.12/site-packages/kagglehub/http_resolver.py\", line 132, in _resolve","logger":"airflow.task.hooks.airflow.providers.standard.hooks.subprocess.SubprocessHook","filename":"subprocess.py","lineno":99}
{"timestamp":"2026-03-30T14:49:15.203199Z","level":"info","event":"    cache.delete_from_cache(h, path)","logger":"airflow.task.hooks.airflow.providers.standard.hooks.subprocess.SubprocessHook","filename":"subprocess.py","lineno":99}
{"timestamp":"2026-03-30T14:49:15.203218Z","level":"info","event":"  File \"/opt/airflow/.venv/lib/python3.12/site-packages/kagglehub/cache.py\", line 64, in delete_from_cache","logger":"airflow.task.hooks.airflow.providers.standard.hooks.subprocess.SubprocessHook","filename":"subprocess.py","lineno":99}
{"timestamp":"2026-03-30T14:49:15.203238Z","level":"info","event":"    return self._delete_path(full_path)","logger":"airflow.task.hooks.airflow.providers.standard.hooks.subprocess.SubprocessHook","filename":"subprocess.py","lineno":99}
{"timestamp":"2026-03-30T14:49:15.203257Z","level":"info","event":"           ^^^^^^^^^^^^^^^^^^^^^^^^^^^^","logger":"airflow.task.hooks.airflow.providers.standard.hooks.subprocess.SubprocessHook","filename":"subprocess.py","lineno":99}
{"timestamp":"2026-03-30T14:49:15.203293Z","level":"info","event":"  File \"/opt/airflow/.venv/lib/python3.12/site-packages/kagglehub/cache.py\", line 70, in _delete_path","logger":"airflow.task.hooks.airflow.providers.standard.hooks.subprocess.SubprocessHook","filename":"subprocess.py","lineno":99}
{"timestamp":"2026-03-30T14:49:15.203329Z","level":"info","event":"    shutil.rmtree(path)","logger":"airflow.task.hooks.airflow.providers.standard.hooks.subprocess.SubprocessHook","filename":"subprocess.py","lineno":99}
{"timestamp":"2026-03-30T14:49:15.203351Z","level":"info","event":"  File \"/usr/python/lib/python3.12/shutil.py\", line 759, in rmtree","logger":"airflow.task.hooks.airflow.providers.standard.hooks.subprocess.SubprocessHook","filename":"subprocess.py","lineno":99}
{"timestamp":"2026-03-30T14:49:15.204421Z","level":"info","event":"    _rmtree_safe_fd(stack, onexc)","logger":"airflow.task.hooks.airflow.providers.standard.hooks.subprocess.SubprocessHook","filename":"subprocess.py","lineno":99}
{"timestamp":"2026-03-30T14:49:15.204459Z","level":"info","event":"  File \"/usr/python/lib/python3.12/shutil.py\", line 703, in _rmtree_safe_fd","logger":"airflow.task.hooks.airflow.providers.standard.hooks.subprocess.SubprocessHook","filename":"subprocess.py","lineno":99}
{"timestamp":"2026-03-30T14:49:15.204645Z","level":"info","event":"    onexc(func, path, err)","logger":"airflow.task.hooks.airflow.providers.standard.hooks.subprocess.SubprocessHook","filename":"subprocess.py","lineno":99}
{"timestamp":"2026-03-30T14:49:15.204704Z","level":"info","event":"  File \"/usr/python/lib/python3.12/shutil.py\", line 662, in _rmtree_safe_fd","logger":"airflow.task.hooks.airflow.providers.standard.hooks.subprocess.SubprocessHook","filename":"subprocess.py","lineno":99}
{"timestamp":"2026-03-30T14:49:15.204737Z","level":"info","event":"    os.rmdir(name, dir_fd=dirfd)","logger":"airflow.task.hooks.airflow.providers.standard.hooks.subprocess.SubprocessHook","filename":"subprocess.py","lineno":99}
{"timestamp":"2026-03-30T14:49:15.204776Z","level":"info","event":"OSError: [Errno 16] Device or resource busy: '/opt/airflow/data'","logger":"airflow.task.hooks.airflow.providers.standard.hooks.subprocess.SubprocessHook","filename":"subprocess.py","lineno":99}
{"timestamp":"2026-03-30T14:49:15.252744Z","level":"info","event":"Command exited with return code 1","logger":"airflow.task.hooks.airflow.providers.standard.hooks.subprocess.SubprocessHook","filename":"subprocess.py","lineno":103}
{"timestamp":"2026-03-30T14:49:15.254584Z","level":"error","event":"Task failed with exception","logger":"task","filename":"task_runner.py","lineno":1164,"error_detail":[{"exc_type":"AirflowException","exc_value":"Bash command failed. The command returned a non-zero exit code 1.","exc_notes":[],"syntax_error":null,"is_cause":false,"frames":[{"filename":"/home/airflow/.local/lib/python3.12/site-packages/airflow/sdk/execution_time/task_runner.py","lineno":1112,"name":"run"},{"filename":"/home/airflow/.local/lib/python3.12/site-packages/airflow/sdk/execution_time/task_runner.py","lineno":1528,"name":"_execute_task"},{"filename":"/home/airflow/.local/lib/python3.12/site-packages/airflow/sdk/bases/operator.py","lineno":417,"name":"wrapper"},{"filename":"/home/airflow/.local/lib/python3.12/site-packages/airflow/providers/standard/operators/bash.py","lineno":226,"name":"execute"}],"is_group":false,"exceptions":[]}]}
{"timestamp":"2026-03-30T14:49:15.255937Z","level":"info","event":"Task instance in failure state","logger":"task.stdout"}
{"timestamp":"2026-03-30T14:49:15.256149Z","level":"info","event":"Task start","logger":"task.stdout"}
{"timestamp":"2026-03-30T14:49:15.256352Z","level":"info","event":"Task:<Task(BashOperator): download_datasets>","logger":"task.stdout"}
{"timestamp":"2026-03-30T14:49:15.256473Z","level":"info","event":"Failure caused by Bash command failed. The command returned a non-zero exit code 1.","logger":"task.stdout"}
