{"timestamp":"2026-03-31T15:40:38.737513Z","level":"info","event":"Stats instance was created in PID 7 but accessed in PID 309. Re-initializing.","logger":"airflow.stats","filename":"stats.py","lineno":57}
{"timestamp":"2026-03-31T15:40:38.748200Z","level":"info","event":"DAG bundles loaded: dags-folder","logger":"airflow.dag_processing.bundles.manager.DagBundlesManager","filename":"manager.py","lineno":179}
{"timestamp":"2026-03-31T15:40:38.748965Z","level":"info","event":"Filling up the DagBag from /opt/airflow/dags/instacart_dag.py","logger":"airflow.models.dagbag.BundleDagBag","filename":"dagbag.py","lineno":593}
{"timestamp":"2026-03-31T15:40:38.756601Z","level":"warning","event":"The `airflow.operators.bash.BashOperator` attribute is deprecated. Please use `'airflow.providers.standard.operators.bash.BashOperator'`.","category":"DeprecatedImportWarning","filename":"/opt/airflow/dags/instacart_dag.py","lineno":8,"logger":"py.warnings"}
{"timestamp":"2026-03-31T15:40:38.773261Z","level":"info","event":"Tmp dir root location: /tmp","logger":"airflow.task.hooks.airflow.providers.standard.hooks.subprocess.SubprocessHook","filename":"subprocess.py","lineno":78}
{"timestamp":"2026-03-31T15:40:38.774315Z","level":"info","event":"Running command: ['/usr/bin/bash', '-c', 'python /opt/airflow/pipelines/download_datasets.py']","logger":"airflow.task.hooks.airflow.providers.standard.hooks.subprocess.SubprocessHook","filename":"subprocess.py","lineno":80}
{"timestamp":"2026-03-31T15:40:38.774966Z","level":"info","event":"Output:","logger":"airflow.task.hooks.airflow.providers.standard.hooks.subprocess.SubprocessHook","filename":"subprocess.py","lineno":92}
{"timestamp":"2026-03-31T15:40:39.454497Z","level":"info","event":"Download directory set to: /opt/airflow/data","logger":"airflow.task.hooks.airflow.providers.standard.hooks.subprocess.SubprocessHook","filename":"subprocess.py","lineno":99}
{"timestamp":"2026-03-31T15:40:39.454676Z","level":"info","event":"Traceback (most recent call last):","logger":"airflow.task.hooks.airflow.providers.standard.hooks.subprocess.SubprocessHook","filename":"subprocess.py","lineno":99}
{"timestamp":"2026-03-31T15:40:39.454725Z","level":"info","event":"  File \"/opt/airflow/pipelines/download_datasets.py\", line 22, in <module>","logger":"airflow.task.hooks.airflow.providers.standard.hooks.subprocess.SubprocessHook","filename":"subprocess.py","lineno":99}
{"timestamp":"2026-03-31T15:40:39.455262Z","level":"info","event":"    download_dataset(dataset, output_dir)","logger":"airflow.task.hooks.airflow.providers.standard.hooks.subprocess.SubprocessHook","filename":"subprocess.py","lineno":99}
{"timestamp":"2026-03-31T15:40:39.455378Z","level":"info","event":"  File \"/opt/airflow/pipelines/download_datasets.py\", line 17, in download_dataset","logger":"airflow.task.hooks.airflow.providers.standard.hooks.subprocess.SubprocessHook","filename":"subprocess.py","lineno":99}
{"timestamp":"2026-03-31T15:40:39.455736Z","level":"info","event":"    path = kagglehub.dataset_download(dataset, output_dir=output_dir, force_download=True)","logger":"airflow.task.hooks.airflow.providers.standard.hooks.subprocess.SubprocessHook","filename":"subprocess.py","lineno":99}
{"timestamp":"2026-03-31T15:40:39.455809Z","level":"info","event":"           ^^^^^^^^^^^^^^^^^^^^^^^^^^^^^^^^^^^^^^^^^^^^^^^^^^^^^^^^^^^^^^^^^^^^^^^^^^^^^^^","logger":"airflow.task.hooks.airflow.providers.standard.hooks.subprocess.SubprocessHook","filename":"subprocess.py","lineno":99}
{"timestamp":"2026-03-31T15:40:39.455831Z","level":"info","event":"  File \"/opt/airflow/.venv/lib/python3.12/site-packages/kagglehub/datasets.py\", line 52, in dataset_download","logger":"airflow.task.hooks.airflow.providers.standard.hooks.subprocess.SubprocessHook","filename":"subprocess.py","lineno":99}
{"timestamp":"2026-03-31T15:40:39.455859Z","level":"info","event":"    resolved_path, _ = registry.dataset_resolver(","logger":"airflow.task.hooks.airflow.providers.standard.hooks.subprocess.SubprocessHook","filename":"subprocess.py","lineno":99}
{"timestamp":"2026-03-31T15:40:39.455880Z","level":"info","event":"                       ^^^^^^^^^^^^^^^^^^^^^^^^^^","logger":"airflow.task.hooks.airflow.providers.standard.hooks.subprocess.SubprocessHook","filename":"subprocess.py","lineno":99}
{"timestamp":"2026-03-31T15:40:39.455894Z","level":"info","event":"  File \"/opt/airflow/.venv/lib/python3.12/site-packages/kagglehub/registry.py\", line 28, in __call__","logger":"airflow.task.hooks.airflow.providers.standard.hooks.subprocess.SubprocessHook","filename":"subprocess.py","lineno":99}
{"timestamp":"2026-03-31T15:40:39.455911Z","level":"info","event":"    return impl(*args, **kwargs)","logger":"airflow.task.hooks.airflow.providers.standard.hooks.subprocess.SubprocessHook","filename":"subprocess.py","lineno":99}
{"timestamp":"2026-03-31T15:40:39.455924Z","level":"info","event":"           ^^^^^^^^^^^^^^^^^^^^^","logger":"airflow.task.hooks.airflow.providers.standard.hooks.subprocess.SubprocessHook","filename":"subprocess.py","lineno":99}
{"timestamp":"2026-03-31T15:40:39.455938Z","level":"info","event":"  File \"/opt/airflow/.venv/lib/python3.12/site-packages/kagglehub/resolver.py\", line 35, in __call__","logger":"airflow.task.hooks.airflow.providers.standard.hooks.subprocess.SubprocessHook","filename":"subprocess.py","lineno":99}
{"timestamp":"2026-03-31T15:40:39.455961Z","level":"info","event":"    path, version = self._resolve(","logger":"airflow.task.hooks.airflow.providers.standard.hooks.subprocess.SubprocessHook","filename":"subprocess.py","lineno":99}
{"timestamp":"2026-03-31T15:40:39.455975Z","level":"info","event":"                    ^^^^^^^^^^^^^^","logger":"airflow.task.hooks.airflow.providers.standard.hooks.subprocess.SubprocessHook","filename":"subprocess.py","lineno":99}
{"timestamp":"2026-03-31T15:40:39.455993Z","level":"info","event":"  File \"/opt/airflow/.venv/lib/python3.12/site-packages/kagglehub/http_resolver.py\", line 132, in _resolve","logger":"airflow.task.hooks.airflow.providers.standard.hooks.subprocess.SubprocessHook","filename":"subprocess.py","lineno":99}
{"timestamp":"2026-03-31T15:40:39.456011Z","level":"info","event":"    cache.delete_from_cache(h, path)","logger":"airflow.task.hooks.airflow.providers.standard.hooks.subprocess.SubprocessHook","filename":"subprocess.py","lineno":99}
{"timestamp":"2026-03-31T15:40:39.456033Z","level":"info","event":"  File \"/opt/airflow/.venv/lib/python3.12/site-packages/kagglehub/cache.py\", line 64, in delete_from_cache","logger":"airflow.task.hooks.airflow.providers.standard.hooks.subprocess.SubprocessHook","filename":"subprocess.py","lineno":99}
{"timestamp":"2026-03-31T15:40:39.456048Z","level":"info","event":"    return self._delete_path(full_path)","logger":"airflow.task.hooks.airflow.providers.standard.hooks.subprocess.SubprocessHook","filename":"subprocess.py","lineno":99}
{"timestamp":"2026-03-31T15:40:39.456062Z","level":"info","event":"           ^^^^^^^^^^^^^^^^^^^^^^^^^^^^","logger":"airflow.task.hooks.airflow.providers.standard.hooks.subprocess.SubprocessHook","filename":"subprocess.py","lineno":99}
{"timestamp":"2026-03-31T15:40:39.456098Z","level":"info","event":"  File \"/opt/airflow/.venv/lib/python3.12/site-packages/kagglehub/cache.py\", line 70, in _delete_path","logger":"airflow.task.hooks.airflow.providers.standard.hooks.subprocess.SubprocessHook","filename":"subprocess.py","lineno":99}
{"timestamp":"2026-03-31T15:40:39.456117Z","level":"info","event":"    shutil.rmtree(path)","logger":"airflow.task.hooks.airflow.providers.standard.hooks.subprocess.SubprocessHook","filename":"subprocess.py","lineno":99}
{"timestamp":"2026-03-31T15:40:39.456131Z","level":"info","event":"  File \"/usr/python/lib/python3.12/shutil.py\", line 759, in rmtree","logger":"airflow.task.hooks.airflow.providers.standard.hooks.subprocess.SubprocessHook","filename":"subprocess.py","lineno":99}
{"timestamp":"2026-03-31T15:40:39.457227Z","level":"info","event":"    _rmtree_safe_fd(stack, onexc)","logger":"airflow.task.hooks.airflow.providers.standard.hooks.subprocess.SubprocessHook","filename":"subprocess.py","lineno":99}
{"timestamp":"2026-03-31T15:40:39.457267Z","level":"info","event":"  File \"/usr/python/lib/python3.12/shutil.py\", line 703, in _rmtree_safe_fd","logger":"airflow.task.hooks.airflow.providers.standard.hooks.subprocess.SubprocessHook","filename":"subprocess.py","lineno":99}
{"timestamp":"2026-03-31T15:40:39.457358Z","level":"info","event":"    onexc(func, path, err)","logger":"airflow.task.hooks.airflow.providers.standard.hooks.subprocess.SubprocessHook","filename":"subprocess.py","lineno":99}
{"timestamp":"2026-03-31T15:40:39.457375Z","level":"info","event":"  File \"/usr/python/lib/python3.12/shutil.py\", line 662, in _rmtree_safe_fd","logger":"airflow.task.hooks.airflow.providers.standard.hooks.subprocess.SubprocessHook","filename":"subprocess.py","lineno":99}
{"timestamp":"2026-03-31T15:40:39.457461Z","level":"info","event":"    os.rmdir(name, dir_fd=dirfd)","logger":"airflow.task.hooks.airflow.providers.standard.hooks.subprocess.SubprocessHook","filename":"subprocess.py","lineno":99}
{"timestamp":"2026-03-31T15:40:39.457515Z","level":"info","event":"OSError: [Errno 16] Device or resource busy: '/opt/airflow/data'","logger":"airflow.task.hooks.airflow.providers.standard.hooks.subprocess.SubprocessHook","filename":"subprocess.py","lineno":99}
{"timestamp":"2026-03-31T15:40:39.505658Z","level":"info","event":"Command exited with return code 1","logger":"airflow.task.hooks.airflow.providers.standard.hooks.subprocess.SubprocessHook","filename":"subprocess.py","lineno":103}
{"timestamp":"2026-03-31T15:40:39.506436Z","level":"error","event":"Task failed with exception","logger":"task","filename":"task_runner.py","lineno":1164,"error_detail":[{"exc_type":"AirflowException","exc_value":"Bash command failed. The command returned a non-zero exit code 1.","exc_notes":[],"syntax_error":null,"is_cause":false,"frames":[{"filename":"/home/airflow/.local/lib/python3.12/site-packages/airflow/sdk/execution_time/task_runner.py","lineno":1112,"name":"run"},{"filename":"/home/airflow/.local/lib/python3.12/site-packages/airflow/sdk/execution_time/task_runner.py","lineno":1528,"name":"_execute_task"},{"filename":"/home/airflow/.local/lib/python3.12/site-packages/airflow/sdk/bases/operator.py","lineno":417,"name":"wrapper"},{"filename":"/home/airflow/.local/lib/python3.12/site-packages/airflow/providers/standard/operators/bash.py","lineno":226,"name":"execute"}],"is_group":false,"exceptions":[]}]}
