{"timestamp":"2026-03-31T16:57:08.206895Z","level":"info","event":"Stats instance was created in PID 7 but accessed in PID 96. Re-initializing.","logger":"airflow.stats","filename":"stats.py","lineno":57}
{"timestamp":"2026-03-31T16:57:08.211288Z","level":"info","event":"DAG bundles loaded: dags-folder","logger":"airflow.dag_processing.bundles.manager.DagBundlesManager","filename":"manager.py","lineno":179}
{"timestamp":"2026-03-31T16:57:08.211637Z","level":"info","event":"Filling up the DagBag from /opt/airflow/dags/instacart_dag.py","logger":"airflow.models.dagbag.BundleDagBag","filename":"dagbag.py","lineno":593}
{"timestamp":"2026-03-31T16:57:08.215750Z","level":"warning","event":"The `airflow.operators.bash.BashOperator` attribute is deprecated. Please use `'airflow.providers.standard.operators.bash.BashOperator'`.","category":"DeprecatedImportWarning","filename":"/opt/airflow/dags/instacart_dag.py","lineno":8,"logger":"py.warnings"}
{"timestamp":"2026-03-31T16:57:08.226366Z","level":"info","event":"Tmp dir root location: /tmp","logger":"airflow.task.hooks.airflow.providers.standard.hooks.subprocess.SubprocessHook","filename":"subprocess.py","lineno":78}
{"timestamp":"2026-03-31T16:57:08.226695Z","level":"info","event":"Running command: ['/usr/bin/bash', '-c', 'cd /opt/airflow/iac && terraform init && terraform apply -auto-approve']","logger":"airflow.task.hooks.airflow.providers.standard.hooks.subprocess.SubprocessHook","filename":"subprocess.py","lineno":80}
{"timestamp":"2026-03-31T16:57:08.227044Z","level":"info","event":"Output:","logger":"airflow.task.hooks.airflow.providers.standard.hooks.subprocess.SubprocessHook","filename":"subprocess.py","lineno":92}
{"timestamp":"2026-03-31T16:57:08.554651Z","level":"info","event":"\u001b[0m\u001b[1mInitializing the backend...\u001b[0m","logger":"airflow.task.hooks.airflow.providers.standard.hooks.subprocess.SubprocessHook","filename":"subprocess.py","lineno":99}
{"timestamp":"2026-03-31T16:57:09.100517Z","level":"info","event":"\u001b[0m\u001b[1mInitializing provider plugins...\u001b[0m","logger":"airflow.task.hooks.airflow.providers.standard.hooks.subprocess.SubprocessHook","filename":"subprocess.py","lineno":99}
{"timestamp":"2026-03-31T16:57:09.101412Z","level":"info","event":"- Reusing previous version of hashicorp/google from the dependency lock file","logger":"airflow.task.hooks.airflow.providers.standard.hooks.subprocess.SubprocessHook","filename":"subprocess.py","lineno":99}
{"timestamp":"2026-03-31T16:57:09.707043Z","level":"info","event":"- Using previously-installed hashicorp/google v7.16.0","logger":"airflow.task.hooks.airflow.providers.standard.hooks.subprocess.SubprocessHook","filename":"subprocess.py","lineno":99}
{"timestamp":"2026-03-31T16:57:09.707161Z","level":"info","event":"","logger":"airflow.task.hooks.airflow.providers.standard.hooks.subprocess.SubprocessHook","filename":"subprocess.py","lineno":99}
{"timestamp":"2026-03-31T16:57:09.707275Z","level":"info","event":"\u001b[0m\u001b[1m\u001b[32mTerraform has been successfully initialized!\u001b[0m\u001b[32m\u001b[0m","logger":"airflow.task.hooks.airflow.providers.standard.hooks.subprocess.SubprocessHook","filename":"subprocess.py","lineno":99}
{"timestamp":"2026-03-31T16:57:09.707327Z","level":"info","event":"\u001b[0m\u001b[32m","logger":"airflow.task.hooks.airflow.providers.standard.hooks.subprocess.SubprocessHook","filename":"subprocess.py","lineno":99}
{"timestamp":"2026-03-31T16:57:09.707367Z","level":"info","event":"You may now begin working with Terraform. Try running \"terraform plan\" to see","logger":"airflow.task.hooks.airflow.providers.standard.hooks.subprocess.SubprocessHook","filename":"subprocess.py","lineno":99}
{"timestamp":"2026-03-31T16:57:09.707383Z","level":"info","event":"any changes that are required for your infrastructure. All Terraform commands","logger":"airflow.task.hooks.airflow.providers.standard.hooks.subprocess.SubprocessHook","filename":"subprocess.py","lineno":99}
{"timestamp":"2026-03-31T16:57:09.707397Z","level":"info","event":"should now work.","logger":"airflow.task.hooks.airflow.providers.standard.hooks.subprocess.SubprocessHook","filename":"subprocess.py","lineno":99}
{"timestamp":"2026-03-31T16:57:09.707412Z","level":"info","event":"","logger":"airflow.task.hooks.airflow.providers.standard.hooks.subprocess.SubprocessHook","filename":"subprocess.py","lineno":99}
{"timestamp":"2026-03-31T16:57:09.707425Z","level":"info","event":"If you ever set or change modules or backend configuration for Terraform,","logger":"airflow.task.hooks.airflow.providers.standard.hooks.subprocess.SubprocessHook","filename":"subprocess.py","lineno":99}
{"timestamp":"2026-03-31T16:57:09.707437Z","level":"info","event":"rerun this command to reinitialize your working directory. If you forget, other","logger":"airflow.task.hooks.airflow.providers.standard.hooks.subprocess.SubprocessHook","filename":"subprocess.py","lineno":99}
{"timestamp":"2026-03-31T16:57:09.707448Z","level":"info","event":"commands will detect it and remind you to do so if necessary.\u001b[0m","logger":"airflow.task.hooks.airflow.providers.standard.hooks.subprocess.SubprocessHook","filename":"subprocess.py","lineno":99}
{"timestamp":"2026-03-31T16:57:12.808059Z","level":"info","event":"\u001b[0m\u001b[1mgoogle_storage_bucket.instacart-bucket: Refreshing state... [id=instacart-bucket03211]\u001b[0m","logger":"airflow.task.hooks.airflow.providers.standard.hooks.subprocess.SubprocessHook","filename":"subprocess.py","lineno":99}
{"timestamp":"2026-03-31T16:57:12.808435Z","level":"info","event":"\u001b[0m\u001b[1mgoogle_bigquery_dataset.instacart_warehouse: Refreshing state... [id=projects/instacart-basket-analysis/datasets/instacart_warehouse0371]\u001b[0m","logger":"airflow.task.hooks.airflow.providers.standard.hooks.subprocess.SubprocessHook","filename":"subprocess.py","lineno":99}
{"timestamp":"2026-03-31T16:57:13.183297Z","level":"info","event":"","logger":"airflow.task.hooks.airflow.providers.standard.hooks.subprocess.SubprocessHook","filename":"subprocess.py","lineno":99}
{"timestamp":"2026-03-31T16:57:13.183461Z","level":"info","event":"\u001b[0m\u001b[1m\u001b[32mNo changes.\u001b[0m\u001b[1m Your infrastructure matches the configuration.\u001b[0m","logger":"airflow.task.hooks.airflow.providers.standard.hooks.subprocess.SubprocessHook","filename":"subprocess.py","lineno":99}
{"timestamp":"2026-03-31T16:57:13.183507Z","level":"info","event":"","logger":"airflow.task.hooks.airflow.providers.standard.hooks.subprocess.SubprocessHook","filename":"subprocess.py","lineno":99}
{"timestamp":"2026-03-31T16:57:13.183529Z","level":"info","event":"\u001b[0mTerraform has compared your real infrastructure against your configuration","logger":"airflow.task.hooks.airflow.providers.standard.hooks.subprocess.SubprocessHook","filename":"subprocess.py","lineno":99}
{"timestamp":"2026-03-31T16:57:13.183545Z","level":"info","event":"and found no differences, so no changes are needed.","logger":"airflow.task.hooks.airflow.providers.standard.hooks.subprocess.SubprocessHook","filename":"subprocess.py","lineno":99}
{"timestamp":"2026-03-31T16:57:13.189127Z","level":"info","event":"\u001b[0m\u001b[1m\u001b[32m","logger":"airflow.task.hooks.airflow.providers.standard.hooks.subprocess.SubprocessHook","filename":"subprocess.py","lineno":99}
{"timestamp":"2026-03-31T16:57:13.189195Z","level":"info","event":"Apply complete! Resources: 0 added, 0 changed, 0 destroyed.","logger":"airflow.task.hooks.airflow.providers.standard.hooks.subprocess.SubprocessHook","filename":"subprocess.py","lineno":99}
{"timestamp":"2026-03-31T16:57:13.192703Z","level":"info","event":"\u001b[0m","logger":"airflow.task.hooks.airflow.providers.standard.hooks.subprocess.SubprocessHook","filename":"subprocess.py","lineno":99}
{"timestamp":"2026-03-31T16:57:13.192837Z","level":"info","event":"Command exited with return code 0","logger":"airflow.task.hooks.airflow.providers.standard.hooks.subprocess.SubprocessHook","filename":"subprocess.py","lineno":103}
{"timestamp":"2026-03-31T16:57:13.193530Z","level":"info","event":"Pushing xcom","ti":"RuntimeTaskInstance(id=UUID('019d44d3-cd5a-7535-9b52-f4bed895a42f'), task_id='terraform_apply', dag_id='instacart_download_datasets', run_id='manual__2026-03-31T16:57:04.558093+00:00', try_number=1, dag_version_id=UUID('019d44d0-600a-7b60-910e-912c263c5682'), map_index=-1, hostname='4d42d95a74e2', context_carrier={}, task=<Task(BashOperator): terraform_apply>, bundle_instance=LocalDagBundle(name=dags-folder), max_tries=0, start_date=datetime.datetime(2026, 3, 31, 16, 57, 8, 193538, tzinfo=datetime.timezone.utc), end_date=None, state=<TaskInstanceState.RUNNING: 'running'>, is_mapped=False, rendered_map_index=None)","logger":"task","filename":"task_runner.py","lineno":1573}
