{"timestamp":"2026-03-31T15:33:45.285670Z","level":"info","event":"Stats instance was created in PID 7 but accessed in PID 93. Re-initializing.","logger":"airflow.stats","filename":"stats.py","lineno":57}
{"timestamp":"2026-03-31T15:33:45.301124Z","level":"info","event":"DAG bundles loaded: dags-folder","logger":"airflow.dag_processing.bundles.manager.DagBundlesManager","filename":"manager.py","lineno":179}
{"timestamp":"2026-03-31T15:33:45.301877Z","level":"info","event":"Filling up the DagBag from /opt/airflow/dags/instacart_dag.py","logger":"airflow.models.dagbag.BundleDagBag","filename":"dagbag.py","lineno":593}
{"timestamp":"2026-03-31T15:33:45.310447Z","level":"warning","event":"The `airflow.operators.bash.BashOperator` attribute is deprecated. Please use `'airflow.providers.standard.operators.bash.BashOperator'`.","category":"DeprecatedImportWarning","filename":"/opt/airflow/dags/instacart_dag.py","lineno":8,"logger":"py.warnings"}
{"timestamp":"2026-03-31T15:33:45.325751Z","level":"info","event":"Tmp dir root location: /tmp","logger":"airflow.task.hooks.airflow.providers.standard.hooks.subprocess.SubprocessHook","filename":"subprocess.py","lineno":78}
{"timestamp":"2026-03-31T15:33:45.327015Z","level":"info","event":"Running command: ['/usr/bin/bash', '-c', 'cd /opt/airflow/iac && terraform init && terraform apply -auto-approve']","logger":"airflow.task.hooks.airflow.providers.standard.hooks.subprocess.SubprocessHook","filename":"subprocess.py","lineno":80}
{"timestamp":"2026-03-31T15:33:45.328178Z","level":"info","event":"Output:","logger":"airflow.task.hooks.airflow.providers.standard.hooks.subprocess.SubprocessHook","filename":"subprocess.py","lineno":92}
{"timestamp":"2026-03-31T15:33:45.684348Z","level":"info","event":"\u001b[0m\u001b[1mInitializing the backend...\u001b[0m","logger":"airflow.task.hooks.airflow.providers.standard.hooks.subprocess.SubprocessHook","filename":"subprocess.py","lineno":99}
{"timestamp":"2026-03-31T15:33:45.696338Z","level":"info","event":"\u001b[0m\u001b[1mInitializing provider plugins...\u001b[0m","logger":"airflow.task.hooks.airflow.providers.standard.hooks.subprocess.SubprocessHook","filename":"subprocess.py","lineno":99}
{"timestamp":"2026-03-31T15:33:45.697763Z","level":"info","event":"- Finding hashicorp/google versions matching \"7.16.0\"...","logger":"airflow.task.hooks.airflow.providers.standard.hooks.subprocess.SubprocessHook","filename":"subprocess.py","lineno":99}
{"timestamp":"2026-03-31T15:33:46.090069Z","level":"info","event":"- Installing hashicorp/google v7.16.0...","logger":"airflow.task.hooks.airflow.providers.standard.hooks.subprocess.SubprocessHook","filename":"subprocess.py","lineno":99}
{"timestamp":"2026-03-31T15:33:49.052192Z","level":"info","event":"- Installed hashicorp/google v7.16.0 (signed by HashiCorp)","logger":"airflow.task.hooks.airflow.providers.standard.hooks.subprocess.SubprocessHook","filename":"subprocess.py","lineno":99}
{"timestamp":"2026-03-31T15:33:49.052412Z","level":"info","event":"Terraform has created a lock file \u001b[1m.terraform.lock.hcl\u001b[0m to record the provider","logger":"airflow.task.hooks.airflow.providers.standard.hooks.subprocess.SubprocessHook","filename":"subprocess.py","lineno":99}
{"timestamp":"2026-03-31T15:33:49.052467Z","level":"info","event":"selections it made above. Include this file in your version control repository","logger":"airflow.task.hooks.airflow.providers.standard.hooks.subprocess.SubprocessHook","filename":"subprocess.py","lineno":99}
{"timestamp":"2026-03-31T15:33:49.052512Z","level":"info","event":"so that Terraform can guarantee to make the same selections by default when","logger":"airflow.task.hooks.airflow.providers.standard.hooks.subprocess.SubprocessHook","filename":"subprocess.py","lineno":99}
{"timestamp":"2026-03-31T15:33:49.052541Z","level":"info","event":"you run \"terraform init\" in the future.\u001b[0m","logger":"airflow.task.hooks.airflow.providers.standard.hooks.subprocess.SubprocessHook","filename":"subprocess.py","lineno":99}
{"timestamp":"2026-03-31T15:33:49.056094Z","level":"info","event":"","logger":"airflow.task.hooks.airflow.providers.standard.hooks.subprocess.SubprocessHook","filename":"subprocess.py","lineno":99}
{"timestamp":"2026-03-31T15:33:49.056255Z","level":"info","event":"\u001b[0m\u001b[1m\u001b[32mTerraform has been successfully initialized!\u001b[0m\u001b[32m\u001b[0m","logger":"airflow.task.hooks.airflow.providers.standard.hooks.subprocess.SubprocessHook","filename":"subprocess.py","lineno":99}
{"timestamp":"2026-03-31T15:33:49.056322Z","level":"info","event":"\u001b[0m\u001b[32m","logger":"airflow.task.hooks.airflow.providers.standard.hooks.subprocess.SubprocessHook","filename":"subprocess.py","lineno":99}
{"timestamp":"2026-03-31T15:33:49.056349Z","level":"info","event":"You may now begin working with Terraform. Try running \"terraform plan\" to see","logger":"airflow.task.hooks.airflow.providers.standard.hooks.subprocess.SubprocessHook","filename":"subprocess.py","lineno":99}
{"timestamp":"2026-03-31T15:33:49.056363Z","level":"info","event":"any changes that are required for your infrastructure. All Terraform commands","logger":"airflow.task.hooks.airflow.providers.standard.hooks.subprocess.SubprocessHook","filename":"subprocess.py","lineno":99}
{"timestamp":"2026-03-31T15:33:49.056377Z","level":"info","event":"should now work.","logger":"airflow.task.hooks.airflow.providers.standard.hooks.subprocess.SubprocessHook","filename":"subprocess.py","lineno":99}
{"timestamp":"2026-03-31T15:33:49.056390Z","level":"info","event":"","logger":"airflow.task.hooks.airflow.providers.standard.hooks.subprocess.SubprocessHook","filename":"subprocess.py","lineno":99}
{"timestamp":"2026-03-31T15:33:49.056406Z","level":"info","event":"If you ever set or change modules or backend configuration for Terraform,","logger":"airflow.task.hooks.airflow.providers.standard.hooks.subprocess.SubprocessHook","filename":"subprocess.py","lineno":99}
{"timestamp":"2026-03-31T15:33:49.056429Z","level":"info","event":"rerun this command to reinitialize your working directory. If you forget, other","logger":"airflow.task.hooks.airflow.providers.standard.hooks.subprocess.SubprocessHook","filename":"subprocess.py","lineno":99}
{"timestamp":"2026-03-31T15:33:49.056443Z","level":"info","event":"commands will detect it and remind you to do so if necessary.\u001b[0m","logger":"airflow.task.hooks.airflow.providers.standard.hooks.subprocess.SubprocessHook","filename":"subprocess.py","lineno":99}
{"timestamp":"2026-03-31T15:33:51.386682Z","level":"info","event":"\u001b[31m╷\u001b[0m\u001b[0m","logger":"airflow.task.hooks.airflow.providers.standard.hooks.subprocess.SubprocessHook","filename":"subprocess.py","lineno":99}
{"timestamp":"2026-03-31T15:33:51.387179Z","level":"info","event":"\u001b[31m│\u001b[0m \u001b[0m\u001b[1m\u001b[31mError: \u001b[0m\u001b[0m\u001b[1mJSON credentials are not valid\u001b[0m","logger":"airflow.task.hooks.airflow.providers.standard.hooks.subprocess.SubprocessHook","filename":"subprocess.py","lineno":99}
{"timestamp":"2026-03-31T15:33:51.387249Z","level":"info","event":"\u001b[31m│\u001b[0m \u001b[0m","logger":"airflow.task.hooks.airflow.providers.standard.hooks.subprocess.SubprocessHook","filename":"subprocess.py","lineno":99}
{"timestamp":"2026-03-31T15:33:51.387291Z","level":"info","event":"\u001b[31m│\u001b[0m \u001b[0m\u001b[0m  with provider[\"registry.terraform.io/hashicorp/google\"],","logger":"airflow.task.hooks.airflow.providers.standard.hooks.subprocess.SubprocessHook","filename":"subprocess.py","lineno":99}
{"timestamp":"2026-03-31T15:33:51.387342Z","level":"info","event":"\u001b[31m│\u001b[0m \u001b[0m  on main.tf line 10, in provider \"google\":","logger":"airflow.task.hooks.airflow.providers.standard.hooks.subprocess.SubprocessHook","filename":"subprocess.py","lineno":99}
{"timestamp":"2026-03-31T15:33:51.387382Z","level":"info","event":"\u001b[31m│\u001b[0m \u001b[0m  10: provider \"google\" \u001b[4m{\u001b[0m\u001b[0m","logger":"airflow.task.hooks.airflow.providers.standard.hooks.subprocess.SubprocessHook","filename":"subprocess.py","lineno":99}
{"timestamp":"2026-03-31T15:33:51.387433Z","level":"info","event":"\u001b[31m│\u001b[0m \u001b[0m","logger":"airflow.task.hooks.airflow.providers.standard.hooks.subprocess.SubprocessHook","filename":"subprocess.py","lineno":99}
{"timestamp":"2026-03-31T15:33:51.387482Z","level":"info","event":"\u001b[31m│\u001b[0m \u001b[0minvalid character 'c' looking for beginning of value","logger":"airflow.task.hooks.airflow.providers.standard.hooks.subprocess.SubprocessHook","filename":"subprocess.py","lineno":99}
{"timestamp":"2026-03-31T15:33:51.387517Z","level":"info","event":"\u001b[31m╵\u001b[0m\u001b[0m","logger":"airflow.task.hooks.airflow.providers.standard.hooks.subprocess.SubprocessHook","filename":"subprocess.py","lineno":99}
{"timestamp":"2026-03-31T15:33:51.387560Z","level":"info","event":"\u001b[31m╷\u001b[0m\u001b[0m","logger":"airflow.task.hooks.airflow.providers.standard.hooks.subprocess.SubprocessHook","filename":"subprocess.py","lineno":99}
{"timestamp":"2026-03-31T15:33:51.387588Z","level":"info","event":"\u001b[31m│\u001b[0m \u001b[0m\u001b[1m\u001b[31mError: \u001b[0m\u001b[0m\u001b[1mJSON credentials are not valid: invalid character 'c' looking for beginning of value\u001b[0m","logger":"airflow.task.hooks.airflow.providers.standard.hooks.subprocess.SubprocessHook","filename":"subprocess.py","lineno":99}
{"timestamp":"2026-03-31T15:33:51.387635Z","level":"info","event":"\u001b[31m│\u001b[0m \u001b[0m","logger":"airflow.task.hooks.airflow.providers.standard.hooks.subprocess.SubprocessHook","filename":"subprocess.py","lineno":99}
{"timestamp":"2026-03-31T15:33:51.387668Z","level":"info","event":"\u001b[31m│\u001b[0m \u001b[0m\u001b[0m  with provider[\"registry.terraform.io/hashicorp/google\"],","logger":"airflow.task.hooks.airflow.providers.standard.hooks.subprocess.SubprocessHook","filename":"subprocess.py","lineno":99}
{"timestamp":"2026-03-31T15:33:51.387707Z","level":"info","event":"\u001b[31m│\u001b[0m \u001b[0m  on main.tf line 11, in provider \"google\":","logger":"airflow.task.hooks.airflow.providers.standard.hooks.subprocess.SubprocessHook","filename":"subprocess.py","lineno":99}
{"timestamp":"2026-03-31T15:33:51.387758Z","level":"info","event":"\u001b[31m│\u001b[0m \u001b[0m  11:   credentials = \u001b[4m\"credentials/instacart-basket-analysis-service-account-credentials.json\"\u001b[0m\u001b[0m","logger":"airflow.task.hooks.airflow.providers.standard.hooks.subprocess.SubprocessHook","filename":"subprocess.py","lineno":99}
{"timestamp":"2026-03-31T15:33:51.387794Z","level":"info","event":"\u001b[31m│\u001b[0m \u001b[0m","logger":"airflow.task.hooks.airflow.providers.standard.hooks.subprocess.SubprocessHook","filename":"subprocess.py","lineno":99}
{"timestamp":"2026-03-31T15:33:51.387821Z","level":"info","event":"\u001b[31m╵\u001b[0m\u001b[0m","logger":"airflow.task.hooks.airflow.providers.standard.hooks.subprocess.SubprocessHook","filename":"subprocess.py","lineno":99}
{"timestamp":"2026-03-31T15:33:51.402809Z","level":"info","event":"Command exited with return code 1","logger":"airflow.task.hooks.airflow.providers.standard.hooks.subprocess.SubprocessHook","filename":"subprocess.py","lineno":103}
{"timestamp":"2026-03-31T15:33:51.404079Z","level":"error","event":"Task failed with exception","logger":"task","filename":"task_runner.py","lineno":1164,"error_detail":[{"exc_type":"AirflowException","exc_value":"Bash command failed. The command returned a non-zero exit code 1.","exc_notes":[],"syntax_error":null,"is_cause":false,"frames":[{"filename":"/home/airflow/.local/lib/python3.12/site-packages/airflow/sdk/execution_time/task_runner.py","lineno":1112,"name":"run"},{"filename":"/home/airflow/.local/lib/python3.12/site-packages/airflow/sdk/execution_time/task_runner.py","lineno":1528,"name":"_execute_task"},{"filename":"/home/airflow/.local/lib/python3.12/site-packages/airflow/sdk/bases/operator.py","lineno":417,"name":"wrapper"},{"filename":"/home/airflow/.local/lib/python3.12/site-packages/airflow/providers/standard/operators/bash.py","lineno":226,"name":"execute"}],"is_group":false,"exceptions":[]}]}
