{"timestamp":"2026-03-31T16:17:09.458067Z","level":"info","event":"Stats instance was created in PID 7 but accessed in PID 90. Re-initializing.","logger":"airflow.stats","filename":"stats.py","lineno":57}
{"timestamp":"2026-03-31T16:17:09.463156Z","level":"info","event":"DAG bundles loaded: dags-folder","logger":"airflow.dag_processing.bundles.manager.DagBundlesManager","filename":"manager.py","lineno":179}
{"timestamp":"2026-03-31T16:17:09.463544Z","level":"info","event":"Filling up the DagBag from /opt/airflow/dags/instacart_dag.py","logger":"airflow.models.dagbag.BundleDagBag","filename":"dagbag.py","lineno":593}
{"timestamp":"2026-03-31T16:17:09.467240Z","level":"warning","event":"The `airflow.operators.bash.BashOperator` attribute is deprecated. Please use `'airflow.providers.standard.operators.bash.BashOperator'`.","category":"DeprecatedImportWarning","filename":"/opt/airflow/dags/instacart_dag.py","lineno":8,"logger":"py.warnings"}
{"timestamp":"2026-03-31T16:17:09.479888Z","level":"info","event":"Tmp dir root location: /tmp","logger":"airflow.task.hooks.airflow.providers.standard.hooks.subprocess.SubprocessHook","filename":"subprocess.py","lineno":78}
{"timestamp":"2026-03-31T16:17:09.480220Z","level":"info","event":"Running command: ['/usr/bin/bash', '-c', 'cd /opt/airflow/iac && terraform init && terraform apply -auto-approve']","logger":"airflow.task.hooks.airflow.providers.standard.hooks.subprocess.SubprocessHook","filename":"subprocess.py","lineno":80}
{"timestamp":"2026-03-31T16:17:09.480624Z","level":"info","event":"Output:","logger":"airflow.task.hooks.airflow.providers.standard.hooks.subprocess.SubprocessHook","filename":"subprocess.py","lineno":92}
{"timestamp":"2026-03-31T16:17:09.828680Z","level":"info","event":"\u001b[0m\u001b[1mInitializing the backend...\u001b[0m","logger":"airflow.task.hooks.airflow.providers.standard.hooks.subprocess.SubprocessHook","filename":"subprocess.py","lineno":99}
{"timestamp":"2026-03-31T16:17:10.418665Z","level":"info","event":"\u001b[0m\u001b[1mInitializing provider plugins...\u001b[0m","logger":"airflow.task.hooks.airflow.providers.standard.hooks.subprocess.SubprocessHook","filename":"subprocess.py","lineno":99}
{"timestamp":"2026-03-31T16:17:10.419642Z","level":"info","event":"- Reusing previous version of hashicorp/google from the dependency lock file","logger":"airflow.task.hooks.airflow.providers.standard.hooks.subprocess.SubprocessHook","filename":"subprocess.py","lineno":99}
{"timestamp":"2026-03-31T16:17:11.007548Z","level":"info","event":"- Using previously-installed hashicorp/google v7.16.0","logger":"airflow.task.hooks.airflow.providers.standard.hooks.subprocess.SubprocessHook","filename":"subprocess.py","lineno":99}
{"timestamp":"2026-03-31T16:17:11.007654Z","level":"info","event":"","logger":"airflow.task.hooks.airflow.providers.standard.hooks.subprocess.SubprocessHook","filename":"subprocess.py","lineno":99}
{"timestamp":"2026-03-31T16:17:11.007791Z","level":"info","event":"\u001b[0m\u001b[1m\u001b[32mTerraform has been successfully initialized!\u001b[0m\u001b[32m\u001b[0m","logger":"airflow.task.hooks.airflow.providers.standard.hooks.subprocess.SubprocessHook","filename":"subprocess.py","lineno":99}
{"timestamp":"2026-03-31T16:17:11.007846Z","level":"info","event":"\u001b[0m\u001b[32m","logger":"airflow.task.hooks.airflow.providers.standard.hooks.subprocess.SubprocessHook","filename":"subprocess.py","lineno":99}
{"timestamp":"2026-03-31T16:17:11.007877Z","level":"info","event":"You may now begin working with Terraform. Try running \"terraform plan\" to see","logger":"airflow.task.hooks.airflow.providers.standard.hooks.subprocess.SubprocessHook","filename":"subprocess.py","lineno":99}
{"timestamp":"2026-03-31T16:17:11.007903Z","level":"info","event":"any changes that are required for your infrastructure. All Terraform commands","logger":"airflow.task.hooks.airflow.providers.standard.hooks.subprocess.SubprocessHook","filename":"subprocess.py","lineno":99}
{"timestamp":"2026-03-31T16:17:11.007922Z","level":"info","event":"should now work.","logger":"airflow.task.hooks.airflow.providers.standard.hooks.subprocess.SubprocessHook","filename":"subprocess.py","lineno":99}
{"timestamp":"2026-03-31T16:17:11.007951Z","level":"info","event":"","logger":"airflow.task.hooks.airflow.providers.standard.hooks.subprocess.SubprocessHook","filename":"subprocess.py","lineno":99}
{"timestamp":"2026-03-31T16:17:11.007965Z","level":"info","event":"If you ever set or change modules or backend configuration for Terraform,","logger":"airflow.task.hooks.airflow.providers.standard.hooks.subprocess.SubprocessHook","filename":"subprocess.py","lineno":99}
{"timestamp":"2026-03-31T16:17:11.007977Z","level":"info","event":"rerun this command to reinitialize your working directory. If you forget, other","logger":"airflow.task.hooks.airflow.providers.standard.hooks.subprocess.SubprocessHook","filename":"subprocess.py","lineno":99}
{"timestamp":"2026-03-31T16:17:11.007991Z","level":"info","event":"commands will detect it and remind you to do so if necessary.\u001b[0m","logger":"airflow.task.hooks.airflow.providers.standard.hooks.subprocess.SubprocessHook","filename":"subprocess.py","lineno":99}
{"timestamp":"2026-03-31T16:17:14.144907Z","level":"info","event":"\u001b[0m\u001b[1mgoogle_storage_bucket.instacart-bucket: Refreshing state... [id=instacart-bucket03211]\u001b[0m","logger":"airflow.task.hooks.airflow.providers.standard.hooks.subprocess.SubprocessHook","filename":"subprocess.py","lineno":99}
{"timestamp":"2026-03-31T16:17:14.145563Z","level":"info","event":"\u001b[0m\u001b[1mgoogle_bigquery_dataset.instacart_warehouse: Refreshing state... [id=projects/instacart-basket-analysis/datasets/instacart_warehouse0371]\u001b[0m","logger":"airflow.task.hooks.airflow.providers.standard.hooks.subprocess.SubprocessHook","filename":"subprocess.py","lineno":99}
{"timestamp":"2026-03-31T16:17:14.489034Z","level":"info","event":"","logger":"airflow.task.hooks.airflow.providers.standard.hooks.subprocess.SubprocessHook","filename":"subprocess.py","lineno":99}
{"timestamp":"2026-03-31T16:17:14.489195Z","level":"info","event":"\u001b[0m\u001b[1m\u001b[32mNo changes.\u001b[0m\u001b[1m Your infrastructure matches the configuration.\u001b[0m","logger":"airflow.task.hooks.airflow.providers.standard.hooks.subprocess.SubprocessHook","filename":"subprocess.py","lineno":99}
{"timestamp":"2026-03-31T16:17:14.489235Z","level":"info","event":"","logger":"airflow.task.hooks.airflow.providers.standard.hooks.subprocess.SubprocessHook","filename":"subprocess.py","lineno":99}
{"timestamp":"2026-03-31T16:17:14.489267Z","level":"info","event":"\u001b[0mTerraform has compared your real infrastructure against your configuration","logger":"airflow.task.hooks.airflow.providers.standard.hooks.subprocess.SubprocessHook","filename":"subprocess.py","lineno":99}
{"timestamp":"2026-03-31T16:17:14.489297Z","level":"info","event":"and found no differences, so no changes are needed.","logger":"airflow.task.hooks.airflow.providers.standard.hooks.subprocess.SubprocessHook","filename":"subprocess.py","lineno":99}
{"timestamp":"2026-03-31T16:17:14.497707Z","level":"info","event":"\u001b[0m\u001b[1m\u001b[32m","logger":"airflow.task.hooks.airflow.providers.standard.hooks.subprocess.SubprocessHook","filename":"subprocess.py","lineno":99}
{"timestamp":"2026-03-31T16:17:14.497798Z","level":"info","event":"Apply complete! Resources: 0 added, 0 changed, 0 destroyed.","logger":"airflow.task.hooks.airflow.providers.standard.hooks.subprocess.SubprocessHook","filename":"subprocess.py","lineno":99}
{"timestamp":"2026-03-31T16:17:14.502819Z","level":"info","event":"\u001b[0m","logger":"airflow.task.hooks.airflow.providers.standard.hooks.subprocess.SubprocessHook","filename":"subprocess.py","lineno":99}
{"timestamp":"2026-03-31T16:17:14.503055Z","level":"info","event":"Command exited with return code 0","logger":"airflow.task.hooks.airflow.providers.standard.hooks.subprocess.SubprocessHook","filename":"subprocess.py","lineno":103}
{"timestamp":"2026-03-31T16:17:14.504000Z","level":"info","event":"Pushing xcom","ti":"RuntimeTaskInstance(id=UUID('019d44af-36d8-79ed-a49a-5b3dfc6b735e'), task_id='terraform_apply', dag_id='instacart_download_datasets', run_id='manual__2026-03-31T16:17:06.738176+00:00', try_number=1, dag_version_id=UUID('019d44aa-c788-7036-84ea-98ccf504e257'), map_index=-1, hostname='35aad0330cc1', context_carrier={}, task=<Task(BashOperator): terraform_apply>, bundle_instance=LocalDagBundle(name=dags-folder), max_tries=0, start_date=datetime.datetime(2026, 3, 31, 16, 17, 9, 437391, tzinfo=datetime.timezone.utc), end_date=None, state=<TaskInstanceState.RUNNING: 'running'>, is_mapped=False, rendered_map_index=None)","logger":"task","filename":"task_runner.py","lineno":1573}
